<?xml version="1.0" encoding="UTF-8"?>
<testsuite xmlns:xsi="http://www.w3.org/2001/XMLSchema-instance" xsi:noNamespaceSchemaLocation="https://maven.apache.org/surefire/maven-surefire-plugin/xsd/surefire-test-report-3.0.xsd" version="3.0" name="org.sakaiproject.user.impl.test.ContextualDisplayServiceTest" time="14.927" tests="1" errors="0" skipped="0" failures="0">
  <properties>
[...]
</properties>
  <testcase name="testContextualDisplayProvision" classname="org.sakaiproject.user.impl.test.ContextualDisplayServiceTest" time="0.293">
    <system-out><![CDATA[&amp#27;[32m[INFO]&amp#27;[m 1298 [main] org.sakaiproject.component.cover.TestComponentManagerContainer:85 Starting Component Manager with [../kernel-impl/src/main/webapp/WEB-INF/components.xml]
&amp#27;[33m[WARN]&amp#27;[m 1402 [main] org.sakaiproject.component.impl.SpringCompMgr:354 loadComponents: cannot establish a root directory for the components packages
&amp#27;[32m[INFO]&amp#27;[m 2545 [main] org.sakaiproject.util.SakaiProperties:388 Loaded 123 properties from file class path resource [org/sakaiproject/config/kernel.properties]
&amp#27;[33m[WARN]&amp#27;[m 2551 [main] org.sakaiproject.util.SakaiProperties:395 Could not load properties from class path resource [org/sakaiproject/config/bundle/default.sakai.properties]: class path resource [org/sakaiproject/config/bundle/default.sakai.properties] cannot be opened because it does not exist
&amp#27;[33m[WARN]&amp#27;[m 2552 [main] org.sakaiproject.util.SakaiProperties:395 Could not load properties from URL [file:/tmp/sakai/placeholder.properties]: /tmp/sakai/placeholder.properties (No such file or directory)
&amp#27;[33m[WARN]&amp#27;[m 2552 [main] org.sakaiproject.util.SakaiProperties:395 Could not load properties from URL [file:/tmp/sakai/sakai.properties]: /tmp/sakai/sakai.properties (No such file or directory)
&amp#27;[33m[WARN]&amp#27;[m 2552 [main] org.sakaiproject.util.SakaiProperties:395 Could not load properties from URL [file:/tmp/sakai/local.properties]: /tmp/sakai/local.properties (No such file or directory)
&amp#27;[32m[INFO]&amp#27;[m 2553 [main] org.sakaiproject.util.SakaiProperties:388 Loaded 8 properties from file URL [file:src/test/resources/test.properties]
&amp#27;[32m[INFO]&amp#27;[m 2555 [main] org.sakaiproject.util.SakaiProperties:356 Loaded a total of 125 properties
&amp#27;[32m[INFO]&amp#27;[m 3322 [main] org.sakaiproject.thread_local.impl.ThreadLocalComponent:77 init()
&amp#27;[32m[INFO]&amp#27;[m 3437 [main] org.sakaiproject.tool.impl.SessionComponent:217 init(): interval: 1800 refresh: 60
&amp#27;[32m[INFO]&amp#27;[m 3443 [main] org.sakaiproject.component.impl.BasicConfigurationService:163 Configured 0 secured key names: []
&amp#27;[32m[INFO]&amp#27;[m 3444 [main] org.sakaiproject.component.impl.BasicConfigurationService:936 Adding 1 properties from local0
&amp#27;[32m[INFO]&amp#27;[m 3445 [main] org.sakaiproject.component.impl.BasicConfigurationService:936 Adding 123 properties from kernel.properties
&amp#27;[32m[INFO]&amp#27;[m 3445 [main] org.sakaiproject.component.impl.BasicConfigurationService:945 Promoted to system property: system.test.key
&amp#27;[32m[INFO]&amp#27;[m 3445 [main] org.sakaiproject.component.impl.BasicConfigurationService:936 Adding 8 properties from test.properties
&amp#27;[32m[INFO]&amp#27;[m 3446 [main] org.sakaiproject.component.impl.BasicConfigurationService:183 Configured 1 secured keys from all sources
&amp#27;[32m[INFO]&amp#27;[m 3447 [main] org.sakaiproject.component.impl.BasicConfigurationService:184 Loaded 130 config items from all initial sources
&amp#27;[32m[INFO]&amp#27;[m 3450 [main] org.sakaiproject.component.impl.BasicConfigurationService:188 Dereference Initial: Changed (dereferenced) 0 item values out of 131 initial config items
&amp#27;[32m[INFO]&amp#27;[m 3470 [main] org.sakaiproject.component.impl.BasicConfigurationService:205 Found and loaded 0 config values from 0 configuration providers
&amp#27;[32m[INFO]&amp#27;[m 3471 [main] org.sakaiproject.component.impl.BasicConfigurationService:227 init()
&amp#27;[32m[INFO]&amp#27;[m 3530 [main] org.sakaiproject.ignite.IgniteConfigurationAdapter:210 Ignite configured with home=[/tmp/sakai/ignite/eim-alu-69095], node=[eim-alu-69095], name=[localhost], client mode=[false], tcp ports=[50266..50275], discovery ports=[0..9]
&amp#27;[32m[INFO]&amp#27;[m 3665 [main] org.apache.ignite.internal.IgniteKernal%localhost:117 Config URL: n/a
&amp#27;[32m[INFO]&amp#27;[m 3708 [main] org.apache.ignite.internal.IgniteKernal%localhost:117 IgniteConfiguration [igniteInstanceName=localhost, pubPoolSize=8, svcPoolSize=8, callbackPoolSize=8, stripedPoolSize=8, sysPoolSize=8, mgmtPoolSize=4, dataStreamerPoolSize=8, utilityCachePoolSize=8, utilityCacheKeepAliveTime=60000, p2pPoolSize=2, qryPoolSize=8, buildIdxPoolSize=1, igniteHome=/tmp/sakai/ignite/eim-alu-69095, igniteWorkDir=/tmp/sakai/ignite/eim-alu-69095/work, mbeanSrv=com.sun.jmx.mbeanserver.JmxMBeanServer@6692b6c6, nodeId=c3c4f40e-47bb-4840-ad3e-e28a82a9b33b, marsh=BinaryMarshaller [], marshLocJobs=false, p2pEnabled=false, netTimeout=5000, netCompressionLevel=1, sndRetryDelay=1000, sndRetryCnt=3, metricsHistSize=10000, metricsUpdateFreq=2000, metricsExpTime=9223372036854775807, discoSpi=TcpDiscoverySpi [addrRslvr=null, addressFilter=null, sockTimeout=0, ackTimeout=0, marsh=null, reconCnt=10, reconDelay=2000, maxAckTimeout=600000, soLinger=0, forceSrvMode=false, clientReconnectDisabled=false, internalLsnr=null, skipAddrsRandomization=false], segPlc=NOOP, segResolveAttempts=2, waitForSegOnStart=true, allResolversPassReq=true, segChkFreq=10000, commSpi=TcpCommunicationSpi [connectGate=org.apache.ignite.spi.communication.tcp.internal.ConnectGateway@35ef439e, ctxInitLatch=java.util.concurrent.CountDownLatch@4997552e[Count = 1], stopping=false, clientPool=null, nioSrvWrapper=null, stateProvider=null], evtSpi=org.apache.ignite.spi.eventstorage.NoopEventStorageSpi@7bcecef6, colSpi=FifoQueueCollisionSpi [parallelJobsNum=8, waitJobsNum=2147483647, runningCnt=0, waitingCnt=0, heldCnt=0], deploySpi=LocalDeploymentSpi [], indexingSpi=org.apache.ignite.spi.indexing.noop.NoopIndexingSpi@32ec9c90, addrRslvr=null, encryptionSpi=org.apache.ignite.spi.encryption.noop.NoopEncryptionSpi@36ab3814, tracingSpi=org.apache.ignite.spi.tracing.NoopTracingSpi@2abbd0d9, clientMode=false, rebalanceThreadPoolSize=1, rebalanceTimeout=10000, rebalanceBatchesPrefetchCnt=3, rebalanceThrottle=0, rebalanceBatchSize=524288, txCfg=TransactionConfiguration [txSerEnabled=false, dfltIsolation=READ_COMMITTED, dfltConcurrency=OPTIMISTIC, dfltTxTimeout=30000, txTimeoutOnPartitionMapExchange=0, deadlockTimeout=10000, pessimisticTxLogSize=0, pessimisticTxLogLinger=10000, tmLookupClsName=null, txManagerFactory=null, useJtaSync=false], cacheSanityCheckEnabled=true, discoStartupDelay=60000, deployMode=CONTINUOUS, p2pMissedCacheSize=100, locHost=null, timeSrvPortBase=31100, timeSrvPortRange=100, failureDetectionTimeout=20000, sysWorkerBlockedTimeout=20000, clientFailureDetectionTimeout=30000, metricsLogFreq=0, connectorCfg=ConnectorConfiguration [jettyPath=null, host=null, port=11211, noDelay=true, directBuf=false, sndBufSize=32768, rcvBufSize=32768, idleQryCurTimeout=600000, idleQryCurCheckFreq=60000, sndQueueLimit=0, selectorCnt=4, idleTimeout=7000, sslEnabled=false, sslClientAuth=false, sslCtxFactory=null, sslFactory=null, portRange=100, threadPoolSize=8, msgInterceptor=null], odbcCfg=null, warmupClos=null, atomicCfg=AtomicConfiguration [seqReserveSize=1000, cacheMode=PARTITIONED, backups=1, aff=null, grpName=null], classLdr=null, sslCtxFactory=null, platformCfg=null, binaryCfg=null, memCfg=null, pstCfg=null, dsCfg=DataStorageConfiguration [pageSize=0, concLvl=0, sysDataRegConf=org.apache.ignite.configuration.SystemDataRegionConfiguration@36aab105, dfltDataRegConf=DataRegionConfiguration [name=spring_region, maxSize=104857600, initSize=10485760, swapPath=null, pageEvictionMode=RANDOM_2_LRU, pageReplacementMode=CLOCK, evictionThreshold=0.9, emptyPagesPoolSize=100, metricsEnabled=true, metricsSubIntervalCount=5, metricsRateTimeInterval=60000, persistenceEnabled=false, checkpointPageBufSize=0, lazyMemoryAllocation=true, warmUpCfg=null, memoryAllocator=null, cdcEnabled=false], dataRegions=DataRegionConfiguration[] [DataRegionConfiguration [name=hibernate_l2_region, maxSize=1073741824, initSize=314572800, swapPath=null, pageEvictionMode=RANDOM_2_LRU, pageReplacementMode=CLOCK, evictionThreshold=0.9, emptyPagesPoolSize=10000, metricsEnabled=true, metricsSubIntervalCount=5, metricsRateTimeInterval=60000, persistenceEnabled=false, checkpointPageBufSize=0, lazyMemoryAllocation=true, warmUpCfg=null, memoryAllocator=null, cdcEnabled=false]], storagePath=null, checkpointFreq=180000, lockWaitTime=10000, checkpointThreads=4, checkpointWriteOrder=SEQUENTIAL, walHistSize=20, maxWalArchiveSize=1073741824, walSegments=10, walSegmentSize=67108864, walPath=db/wal, walArchivePath=db/wal/archive, cdcWalPath=db/wal/cdc, cdcWalDirMaxSize=0, metricsEnabled=false, walMode=LOG_ONLY, walTlbSize=131072, walBuffSize=0, walFlushFreq=2000, walFsyncDelay=1000, walRecordIterBuffSize=67108864, alwaysWriteFullPages=false, fileIOFactory=org.apache.ignite.internal.processors.cache.persistence.file.AsyncFileIOFactory@ed2f2f6, metricsSubIntervalCnt=5, metricsRateTimeInterval=60000, walAutoArchiveAfterInactivity=-1, walForceArchiveTimeout=-1, writeThrottlingEnabled=false, walCompactionEnabled=false, walCompactionLevel=1, checkpointReadLockTimeout=null, walPageCompression=DISABLED, walPageCompressionLevel=null, dfltWarmUpCfg=null, encCfg=org.apache.ignite.configuration.EncryptionConfiguration@4eea94a4, defragmentationThreadPoolSize=4, minWalArchiveSize=-1, memoryAllocator=null], snapshotPath=snapshots, snapshotThreadPoolSize=4, activeOnStart=true, activeOnStartPropSetFlag=false, autoActivation=true, autoActivationPropSetFlag=false, clusterStateOnStart=null, sqlConnCfg=null, cliConnCfg=ClientConnectorConfiguration [host=null, port=10800, portRange=100, sockSndBufSize=0, sockRcvBufSize=0, tcpNoDelay=true, maxOpenCursorsPerConn=128, threadPoolSize=8, selectorCnt=4, idleTimeout=0, handshakeTimeout=10000, jdbcEnabled=true, odbcEnabled=true, thinCliEnabled=true, sslEnabled=false, useIgniteSslCtxFactory=true, sslClientAuth=false, sslCtxFactory=null, thinCliCfg=ThinClientConfiguration [maxActiveTxPerConn=100, maxActiveComputeTasksPerConn=0, sendServerExcStackTraceToClient=false]], mvccVacuumThreadCnt=2, mvccVacuumFreq=5000, authEnabled=false, failureHnd=AbstractFailureHandler [ignoredFailureTypes=UnmodifiableSet []], commFailureRslvr=null, sqlCfg=SqlConfiguration [longQryWarnTimeout=3000, dfltQryTimeout=0, sqlQryHistSize=1000, validationEnabled=false], asyncContinuationExecutor=null]
[15:56:40] OS: Linux 6.2.16-5-pve amd64
&amp#27;[32m[INFO]&amp#27;[m 3711 [main] org.apache.ignite.internal.IgniteKernal%localhost:117 OS: Linux 6.2.16-5-pve amd64
&amp#27;[32m[INFO]&amp#27;[m 3711 [main] org.apache.ignite.internal.IgniteKernal%localhost:117 OS user: alumno
&amp#27;[32m[INFO]&amp#27;[m 3715 [main] org.apache.ignite.internal.IgniteKernal%localhost:117 PID: 432024
[15:56:40] VM information: OpenJDK Runtime Environment 11.0.22+7-post-Ubuntu-0ubuntu222.04.1 Ubuntu OpenJDK 64-Bit Server VM 11.0.22+7-post-Ubuntu-0ubuntu222.04.1
&amp#27;[32m[INFO]&amp#27;[m 3716 [main] org.apache.ignite.internal.IgniteKernal%localhost:117 Language runtime: Java Platform API Specification ver. 11
&amp#27;[32m[INFO]&amp#27;[m 3716 [main] org.apache.ignite.internal.IgniteKernal%localhost:117 VM information: OpenJDK Runtime Environment 11.0.22+7-post-Ubuntu-0ubuntu222.04.1 Ubuntu OpenJDK 64-Bit Server VM 11.0.22+7-post-Ubuntu-0ubuntu222.04.1
&amp#27;[32m[INFO]&amp#27;[m 3717 [main] org.apache.ignite.internal.IgniteKernal%localhost:117 VM total memory: 30.0GB
&amp#27;[32m[INFO]&amp#27;[m 3717 [main] org.apache.ignite.internal.IgniteKernal%localhost:117 Remote Management [restart: off, REST: on, JMX (remote: off)]
&amp#27;[32m[INFO]&amp#27;[m 3717 [main] org.apache.ignite.internal.IgniteKernal%localhost:117 Logger: Slf4jLogger [impl=org.apache.logging.slf4j.Log4jLogger@54c622a7, quiet=true]
&amp#27;[32m[INFO]&amp#27;[m 3718 [main] org.apache.ignite.internal.IgniteKernal%localhost:117 IGNITE_HOME=/tmp/sakai/ignite/eim-alu-69095
&amp#27;[32m[INFO]&amp#27;[m 3718 [main] org.apache.ignite.internal.IgniteKernal%localhost:117 VM arguments: [--illegal-access=permit, --add-opens=java.xml/jdk.xml.internal=ALL-UNNAMED, -Djava.awt.headless=true, -Dfile.encoding=UTF-8, -Djava.security.egd=file:/dev/./urandom]
&amp#27;[32m[INFO]&amp#27;[m 3718 [main] org.apache.ignite.internal.IgniteKernal%localhost:117 System cache's DataRegion size is configured to 40 MB. Use DataStorageConfiguration.systemRegionInitialSize property to change the setting.
&amp#27;[32m[INFO]&amp#27;[m 3719 [main] org.apache.ignite.internal.IgniteKernal%localhost:117 Configured caches [in 'sysMemPlc' dataRegion: ['ignite-sys-cache'], in 'spring_region' dataRegion: ['org.sakaiproject.lti13.LTI13Servlet_cache'], in 'hibernate_l2_region' dataRegion: ['default-update-timestamps-region', 'default-query-results-region', 'org.sakaiproject.coursemanagement.impl.AcademicSessionCmImpl', 'org.sakaiproject.coursemanagement.impl.CrossListingCmImpl', 'org.sakaiproject.coursemanagement.impl.EnrollmentCmImpl', 'org.sakaiproject.coursemanagement.impl.EnrollmentSetCmImpl', 'org.sakaiproject.coursemanagement.impl.MeetingCmImpl', 'org.sakaiproject.coursemanagement.impl.MembershipCmImpl', 'org.sakaiproject.coursemanagement.impl.AbstractMembershipContainerCmImpl', 'org.sakaiproject.coursemanagement.impl.SectionCategoryCmImpl', 'org.sakaiproject.lessonbuildertool.ChecklistItemStatusImpl', 'org.sakaiproject.lessonbuildertool.SimplePageImpl', 'org.sakaiproject.lessonbuildertool.SimplePageCommentImpl', 'org.sakaiproject.lessonbuildertool.SimplePageGroupImpl', 'org.sakaiproject.lessonbuildertool.SimplePageItemImpl', 'org.sakaiproject.lessonbuildertool.SimplePagePropertyImpl', 'org.sakaiproject.lessonbuildertool.SimpleStudentPageImpl', 'org.sakaiproject.component.common.edu.person.PersonImpl', 'org.sakaiproject.api.common.type.Type', 'org.sakaiproject.component.common.type.TypeImpl', 'org.sakaiproject.taggable.impl.LinkImpl', 'org.sakaiproject.assignment.api.model.Assignment', 'org.sakaiproject.assignment.api.model.Assignment.attachments', 'org.sakaiproject.assignment.api.model.Assignment.properties', 'org.sakaiproject.assignment.api.model.Assignment.groups', 'org.sakaiproject.assignment.api.model.AssignmentSubmission', 'org.sakaiproject.assignment.api.model.AssignmentSubmission.submitters', 'org.sakaiproject.assignment.api.model.AssignmentSubmission.attachments', 'org.sakaiproject.assignment.api.model.AssignmentSubmission.feedbackAttachments', 'org.sakaiproject.assignment.api.model.AssignmentSubmission.properties', 'org.sakaiproject.chat2.model.ChatChannel', 'org.sakaiproject.chat2.model.ChatMessage', 'org.sakaiproject.content.hbm.Lock', 'org.sakaiproject.tool.assessment.data.dao.assessment.PublishedAnswer.answerFeedbackSet', 'org.sakaiproject.content.api.persistence.FileConversionQueueItem', 'org.sakaiproject.rubrics.api.model.Rubric', 'org.sakaiproject.rubrics.api.model.Criterion', 'org.sakaiproject.rubrics.api.model.Rating', 'org.sakaiproject.rubrics.api.model.Evaluation', 'org.sakaiproject.rubrics.api.model.ReturnedEvaluation', 'org.sakaiproject.rubrics.api.model.ToolItemRubricAssociation', 'org.sakaiproject.hbm.privacy.PrivacyRecord', 'org.adl.datamodels.DataModel', 'org.adl.datamodels.ieee.SCORM_2004_DM.mElements', 'org.adl.datamodels.nav.SCORM_2004_NAV_DM.mElements', 'java.net.URL', 'org.adl.datamodels.DMDelimiter', 'org.adl.datamodels.DMDelimiterDescriptor', 'org.adl.datamodels.DMElement', 'org.adl.datamodels.DMElement.mChildren', 'org.adl.datamodels.DMElementDescriptor', 'org.adl.datamodels.DMProcessingInfo', 'org.adl.datamodels.DMTypeValidator', 'org.adl.datamodels.SCODataManager', 'org.adl.datamodels.SCODataManager.dataModels']]
&amp#27;[33m[WARN]&amp#27;[m 3719 [main] org.apache.ignite.internal.IgniteKernal%localhost:127 Please set system property '-Djava.net.preferIPv4Stack=true' to avoid possible problems in mixed environments.
[15:56:40] Please set system property '-Djava.net.preferIPv4Stack=true' to avoid possible problems in mixed environments.
&amp#27;[32m[INFO]&amp#27;[m 3720 [main] org.apache.ignite.internal.IgniteKernal%localhost:117 3-rd party licenses can be found at: /tmp/sakai/ignite/eim-alu-69095/libs/licenses
&amp#27;[32m[INFO]&amp#27;[m 3720 [main] org.apache.ignite.internal.IgniteKernal%localhost:117 Local node user attribute [DiscoveryAddressesSize=1]
[15:56:40] Configured plugins:
&amp#27;[32m[INFO]&amp#27;[m 3808 [main] org.apache.ignite.internal.processors.plugin.IgnitePluginProcessor:117 Configured plugins:
[15:56:40]   ^-- None
&amp#27;[32m[INFO]&amp#27;[m 3809 [main] org.apache.ignite.internal.processors.plugin.IgnitePluginProcessor:117   ^-- None
[15:56:40] 
&amp#27;[32m[INFO]&amp#27;[m 3809 [main] org.apache.ignite.internal.processors.plugin.IgnitePluginProcessor:117 
[15:56:40] Configured failure handler: [hnd=AbstractFailureHandler [ignoredFailureTypes=UnmodifiableSet []]]
&amp#27;[32m[INFO]&amp#27;[m 3810 [main] org.apache.ignite.internal.processors.failure.FailureProcessor:117 Configured failure handler: [hnd=AbstractFailureHandler [ignoredFailureTypes=UnmodifiableSet []]]
&amp#27;[32m[INFO]&amp#27;[m 4192 [main] org.apache.ignite.spi.communication.tcp.TcpCommunicationSpi:117 Successfully bound communication NIO server to TCP port [port=50266, locHost=/127.0.0.1, selectorsCnt=4, selectorSpins=0, pairedConn=false]
&amp#27;[32m[INFO]&amp#27;[m 4609 [main] org.apache.ignite.internal.processors.cache.GridLocalConfigManager:117 Resolved page store work directory: /tmp/sakai/ignite/eim-alu-69095/work/db/eim_alu_69095
&amp#27;[32m[INFO]&amp#27;[m 4666 [main] org.apache.ignite.internal.processors.cache.persistence.IgniteCacheDatabaseSharedManager:117 Configured data regions initialized successfully [total=5]
&amp#27;[32m[INFO]&amp#27;[m 4923 [main] org.apache.ignite.internal.processors.odbc.ClientListenerProcessor:117 Client connector processor has started on TCP port 10800
&amp#27;[32m[INFO]&amp#27;[m 5018 [main] org.apache.ignite.internal.processors.rest.protocols.tcp.GridTcpRestProtocol:117 Command protocol successfully started [name=TCP binary, host=0.0.0.0/0.0.0.0, port=11211]
&amp#27;[32m[INFO]&amp#27;[m 5128 [main] org.apache.ignite.internal.IgniteKernal%localhost:117 Non-loopback local IPs: 172.18.69.95, fe80:0:0:0:38f3:e7ff:fe99:74f2%eth0
&amp#27;[32m[INFO]&amp#27;[m 5128 [main] org.apache.ignite.internal.IgniteKernal%localhost:117 Enabled local MACs: 3AF3E79974F2
&amp#27;[32m[INFO]&amp#27;[m 5138 [main] org.apache.ignite.internal.processors.cluster.ClusterProcessor:117 Cluster ID and tag has been read from metastorage: null
&amp#27;[32m[INFO]&amp#27;[m 5144 [main] org.apache.ignite.internal.cluster.IgniteClusterImpl:117 Shutdown policy was updated [oldVal=null, newVal=null]
&amp#27;[32m[INFO]&amp#27;[m 5155 [main] org.apache.ignite.internal.processors.query.stat.IgniteStatisticsManagerImpl:117 Statistics usage state was changed from null to null
&amp#27;[32m[INFO]&amp#27;[m 5172 [main] org.apache.ignite.spi.discovery.tcp.TcpDiscoverySpi:117 Successfully bound to TCP port [port=50276, localHost=localhost/127.0.0.1, locNodeId=c3c4f40e-47bb-4840-ad3e-e28a82a9b33b]
&amp#27;[32m[INFO]&amp#27;[m 5246 [disco-notifier-worker-#43%localhost%] org.apache.ignite.internal.processors.cluster.GridClusterStateProcessor:117 Received activate cluster request with BaselineTopology[id=0] initiator node ID: c3c4f40e-47bb-4840-ad3e-e28a82a9b33b
&amp#27;[32m[INFO]&amp#27;[m 5250 [disco-notifier-worker-#43%localhost%] org.apache.ignite.internal.processors.cluster.GridClusterStateProcessor:117 Started state transition: activate cluster
&amp#27;[32m[INFO]&amp#27;[m 5252 [disco-notifier-worker-#43%localhost%] org.apache.ignite.internal.processors.cluster.GridClusterStateProcessor:117 Received state change finish message: ACTIVE
&amp#27;[32m[INFO]&amp#27;[m 5253 [disco-notifier-worker-#43%localhost%] org.apache.ignite.internal.processors.cluster.GridClusterStateProcessor:117 Cluster state was changed from ACTIVE to ACTIVE
&amp#27;[32m[INFO]&amp#27;[m 5256 [disco-notifier-worker-#43%localhost%] org.apache.ignite.internal.processors.cache.mvcc.MvccProcessorImpl:117 Assigned mvcc coordinator [crd=MvccCoordinator [topVer=AffinityTopologyVersion [topVer=1, minorTopVer=0], nodeId=c3c4f40e-47bb-4840-ad3e-e28a82a9b33b, ver=1716386201595, local=true, initialized=false]]
&amp#27;[32m[INFO]&amp#27;[m 5306 [sys-#47%localhost%] org.apache.ignite.internal.processors.cluster.ClusterProcessor:117 Writing cluster ID and tag to metastorage on ready for write ClusterIdAndTag [id=e0789aae-3a82-4d1c-a1b5-adf987b6f0ee, tag=epic_minsky]
&amp#27;[32m[INFO]&amp#27;[m 5329 [disco-notifier-worker-#43%localhost%] org.apache.ignite.internal.processors.cluster.ClusterProcessor:117 Cluster tag will be set to new value: epic_minsky, previous value was: null
&amp#27;[32m[INFO]&amp#27;[m 5333 [disco-notifier-worker-#43%localhost%] org.apache.ignite.internal.cluster.DistributedBaselineConfiguration:117 Baseline parameter 'baselineAutoAdjustEnabled' was changed from 'null' to 'true'
&amp#27;[32m[INFO]&amp#27;[m 5338 [disco-notifier-worker-#43%localhost%] org.apache.ignite.internal.cluster.DistributedBaselineConfiguration:117 Baseline parameter 'baselineAutoAdjustTimeout' was changed from 'null' to '0'
&amp#27;[32m[INFO]&amp#27;[m 5353 [disco-notifier-worker-#43%localhost%] org.apache.ignite.internal.processors.cache.transactions.IgniteTxManager:117 Transactions parameter 'longOperationsDumpTimeout' was changed from 'null' to '60000'
&amp#27;[32m[INFO]&amp#27;[m 5357 [disco-notifier-worker-#43%localhost%] org.apache.ignite.internal.processors.cache.transactions.IgniteTxManager:117 Transactions parameter 'longTransactionTimeDumpThreshold' was changed from 'null' to '0'
&amp#27;[32m[INFO]&amp#27;[m 5358 [disco-notifier-worker-#43%localhost%] org.apache.ignite.internal.processors.cache.transactions.IgniteTxManager:117 Transactions parameter 'transactionTimeDumpSamplesCoefficient' was changed from 'null' to '0.0'
&amp#27;[32m[INFO]&amp#27;[m 5359 [disco-notifier-worker-#43%localhost%] org.apache.ignite.internal.processors.cache.transactions.IgniteTxManager:117 Transactions parameter 'longTransactionTimeDumpSamplesPerSecondLimit' was changed from 'null' to '5'
&amp#27;[32m[INFO]&amp#27;[m 5361 [disco-notifier-worker-#43%localhost%] org.apache.ignite.internal.processors.cache.transactions.IgniteTxManager:117 Transactions parameter 'collisionsDumpInterval' was changed from 'null' to '1000'
&amp#27;[33m[WARN]&amp#27;[m 5363 [main] org.apache.ignite.internal.managers.eventstorage.GridEventStorageManager:127 Added listener for disabled event type: CACHE_OBJECT_REMOVED
&amp#27;[32m[INFO]&amp#27;[m 5363 [disco-notifier-worker-#43%localhost%] org.apache.ignite.internal.processors.cache.transactions.IgniteTxManager:117 Transactions parameter 'txOwnerDumpRequestsAllowed' was changed from 'null' to 'true'
&amp#27;[33m[WARN]&amp#27;[m 5363 [main] org.apache.ignite.internal.managers.eventstorage.GridEventStorageManager:127 Added listener for disabled event type: CACHE_OBJECT_EXPIRED
&amp#27;[32m[INFO]&amp#27;[m 5376 [exchange-worker-#48%localhost%] org.apache.ignite.internal.exchange.time:117 Started exchange init [topVer=AffinityTopologyVersion [topVer=1, minorTopVer=0], crd=true, evt=NODE_JOINED, evtNode=c3c4f40e-47bb-4840-ad3e-e28a82a9b33b, customEvt=null, allowMerge=false, exchangeFreeSwitch=false]
[15:56:41] Data Regions Started: 5
&amp#27;[32m[INFO]&amp#27;[m 5396 [exchange-worker-#48%localhost%] org.apache.ignite.internal.processors.cache.persistence.IgniteCacheDatabaseSharedManager:117 Data Regions Started: 5
[15:56:41] 
[15:56:41]     ^--   sysMemPlc region [type=internal, persistence=false, lazyAlloc=false,
[15:56:41]       ...  initCfg=40MB, maxCfg=100MB, usedRam=0MB, freeRam=100%, allocRam=40MB]
[15:56:41]     ^--   spring_region region [type=default, persistence=false, lazyAlloc=true,
[15:56:41]       ...  initCfg=10MB, maxCfg=100MB, usedRam=0MB, freeRam=100%, allocRam=0MB]
[15:56:41]     ^--   hibernate_l2_region region [type=user, persistence=false, lazyAlloc=true,
[15:56:41]       ...  initCfg=300MB, maxCfg=1024MB, usedRam=0MB, freeRam=100%, allocRam=0MB]
[15:56:41]     ^--   TxLog region [type=internal, persistence=false, lazyAlloc=false,
[15:56:41]       ...  initCfg=40MB, maxCfg=100MB, usedRam=0MB, freeRam=100%, allocRam=40MB]
[15:56:41]     ^--   volatileDsMemPlc region [type=user, persistence=false, lazyAlloc=true,
[15:56:41]       ...  initCfg=40MB, maxCfg=100MB, usedRam=0MB, freeRam=100%, allocRam=0MB]
&amp#27;[32m[INFO]&amp#27;[m 5397 [exchange-worker-#48%localhost%] org.apache.ignite.cache.msg:117 Components activation performed in 21 ms.
&amp#27;[33m[WARN]&amp#27;[m 5465 [sys-#50%localhost%] org.apache.ignite.internal.processors.cache.GridCacheProcessor:127 Cache write synchronization mode is set to FULL_ASYNC. All single-key 'put' and 'remove' operations will return 'null', all 'putx' and 'removex' operations will return 'true' [cacheName=org.sakaiproject.lessonbuildertool.SimplePageItemImpl]
&amp#27;[33m[WARN]&amp#27;[m 5471 [sys-#51%localhost%] org.apache.ignite.internal.processors.cache.GridCacheProcessor:127 Cache write synchronization mode is set to FULL_ASYNC. All single-key 'put' and 'remove' operations will return 'null', all 'putx' and 'removex' operations will return 'true' [cacheName=org.adl.datamodels.DMProcessingInfo]
&amp#27;[33m[WARN]&amp#27;[m 5478 [sys-#53%localhost%] org.apache.ignite.internal.processors.cache.GridCacheProcessor:127 Cache write synchronization mode is set to FULL_ASYNC. All single-key 'put' and 'remove' operations will return 'null', all 'putx' and 'removex' operations will return 'true' [cacheName=org.adl.datamodels.SCODataManager]
&amp#27;[33m[WARN]&amp#27;[m 5478 [exchange-worker-#48%localhost%] org.apache.ignite.internal.processors.cache.GridCacheProcessor:127 Cache write synchronization mode is set to FULL_ASYNC. All single-key 'put' and 'remove' operations will return 'null', all 'putx' and 'removex' operations will return 'true' [cacheName=org.sakaiproject.tool.assessment.data.dao.assessment.PublishedAnswer.answerFeedbackSet]
&amp#27;[33m[WARN]&amp#27;[m 5487 [sys-#54%localhost%] org.apache.ignite.internal.processors.cache.GridCacheProcessor:127 Cache write synchronization mode is set to FULL_ASYNC. All single-key 'put' and 'remove' operations will return 'null', all 'putx' and 'removex' operations will return 'true' [cacheName=org.sakaiproject.rubrics.api.model.Rubric]
&amp#27;[33m[WARN]&amp#27;[m 5567 [sys-#50%localhost%] org.apache.ignite.internal.processors.cache.GridCacheProcessor:127 Cache write synchronization mode is set to FULL_ASYNC. All single-key 'put' and 'remove' operations will return 'null', all 'putx' and 'removex' operations will return 'true' [cacheName=org.sakaiproject.rubrics.api.model.ReturnedEvaluation]
&amp#27;[33m[WARN]&amp#27;[m 5567 [exchange-worker-#48%localhost%] org.apache.ignite.internal.processors.cache.GridCacheProcessor:127 Cache write synchronization mode is set to FULL_ASYNC. All single-key 'put' and 'remove' operations will return 'null', all 'putx' and 'removex' operations will return 'true' [cacheName=org.adl.datamodels.nav.SCORM_2004_NAV_DM.mElements]
&amp#27;[33m[WARN]&amp#27;[m 5567 [sys-#51%localhost%] org.apache.ignite.internal.processors.cache.GridCacheProcessor:127 Cache write synchronization mode is set to FULL_ASYNC. All single-key 'put' and 'remove' operations will return 'null', all 'putx' and 'removex' operations will return 'true' [cacheName=org.sakaiproject.chat2.model.ChatMessage]
&amp#27;[33m[WARN]&amp#27;[m 5570 [exchange-worker-#48%localhost%] org.apache.ignite.internal.processors.cache.GridCacheProcessor:127 Cache write synchronization mode is set to FULL_ASYNC. All single-key 'put' and 'remove' operations will return 'null', all 'putx' and 'removex' operations will return 'true' [cacheName=org.sakaiproject.assignment.api.model.Assignment]
&amp#27;[33m[WARN]&amp#27;[m 5574 [sys-#53%localhost%] org.apache.ignite.internal.processors.cache.GridCacheProcessor:127 Cache write synchronization mode is set to FULL_ASYNC. All single-key 'put' and 'remove' operations will return 'null', all 'putx' and 'removex' operations will return 'true' [cacheName=org.adl.datamodels.SCODataManager.dataModels]
&amp#27;[33m[WARN]&amp#27;[m 5576 [sys-#53%localhost%] org.apache.ignite.internal.processors.cache.GridCacheProcessor:127 Cache write synchronization mode is set to FULL_ASYNC. All single-key 'put' and 'remove' operations will return 'null', all 'putx' and 'removex' operations will return 'true' [cacheName=org.sakaiproject.lessonbuildertool.SimpleStudentPageImpl]
&amp#27;[33m[WARN]&amp#27;[m 5577 [sys-#50%localhost%] org.apache.ignite.internal.processors.cache.GridCacheProcessor:127 Cache write synchronization mode is set to FULL_ASYNC. All single-key 'put' and 'remove' operations will return 'null', all 'putx' and 'removex' operations will return 'true' [cacheName=org.sakaiproject.lessonbuildertool.SimplePageImpl]
&amp#27;[33m[WARN]&amp#27;[m 5578 [sys-#51%localhost%] org.apache.ignite.internal.processors.cache.GridCacheProcessor:127 Cache write synchronization mode is set to FULL_ASYNC. All single-key 'put' and 'remove' operations will return 'null', all 'putx' and 'removex' operations will return 'true' [cacheName=org.sakaiproject.assignment.api.model.AssignmentSubmission]
&amp#27;[33m[WARN]&amp#27;[m 5578 [sys-#53%localhost%] org.apache.ignite.internal.processors.cache.GridCacheProcessor:127 Cache write synchronization mode is set to FULL_ASYNC. All single-key 'put' and 'remove' operations will return 'null', all 'putx' and 'removex' operations will return 'true' [cacheName=org.sakaiproject.lti13.LTI13Servlet_cache]
&amp#27;[33m[WARN]&amp#27;[m 5580 [sys-#51%localhost%] org.apache.ignite.internal.processors.cache.GridCacheProcessor:127 Cache write synchronization mode is set to FULL_ASYNC. All single-key 'put' and 'remove' operations will return 'null', all 'putx' and 'removex' operations will return 'true' [cacheName=org.adl.datamodels.DMElement.mChildren]
&amp#27;[33m[WARN]&amp#27;[m 5580 [sys-#53%localhost%] org.apache.ignite.internal.processors.cache.GridCacheProcessor:127 Cache write synchronization mode is set to FULL_ASYNC. All single-key 'put' and 'remove' operations will return 'null', all 'putx' and 'removex' operations will return 'true' [cacheName=org.sakaiproject.coursemanagement.impl.EnrollmentSetCmImpl]
&amp#27;[33m[WARN]&amp#27;[m 5582 [sys-#53%localhost%] org.apache.ignite.internal.processors.cache.GridCacheProcessor:127 Cache write synchronization mode is set to FULL_ASYNC. All single-key 'put' and 'remove' operations will return 'null', all 'putx' and 'removex' operations will return 'true' [cacheName=org.sakaiproject.assignment.api.model.Assignment.groups]
&amp#27;[33m[WARN]&amp#27;[m 5583 [sys-#51%localhost%] org.apache.ignite.internal.processors.cache.GridCacheProcessor:127 Cache write synchronization mode is set to FULL_ASYNC. All single-key 'put' and 'remove' operations will return 'null', all 'putx' and 'removex' operations will return 'true' [cacheName=org.sakaiproject.assignment.api.model.AssignmentSubmission.attachments]
&amp#27;[33m[WARN]&amp#27;[m 5585 [exchange-worker-#48%localhost%] org.apache.ignite.internal.processors.cache.GridCacheProcessor:127 Cache write synchronization mode is set to FULL_ASYNC. All single-key 'put' and 'remove' operations will return 'null', all 'putx' and 'removex' operations will return 'true' [cacheName=org.sakaiproject.content.api.persistence.FileConversionQueueItem]
&amp#27;[33m[WARN]&amp#27;[m 5588 [sys-#50%localhost%] org.apache.ignite.internal.processors.cache.GridCacheProcessor:127 Cache write synchronization mode is set to FULL_ASYNC. All single-key 'put' and 'remove' operations will return 'null', all 'putx' and 'removex' operations will return 'true' [cacheName=org.sakaiproject.assignment.api.model.Assignment.attachments]
&amp#27;[33m[WARN]&amp#27;[m 5589 [sys-#54%localhost%] org.apache.ignite.internal.processors.cache.GridCacheProcessor:127 Cache write synchronization mode is set to FULL_ASYNC. All single-key 'put' and 'remove' operations will return 'null', all 'putx' and 'removex' operations will return 'true' [cacheName=default-update-timestamps-region]
&amp#27;[33m[WARN]&amp#27;[m 5592 [sys-#53%localhost%] org.apache.ignite.internal.processors.cache.GridCacheProcessor:127 Cache write synchronization mode is set to FULL_ASYNC. All single-key 'put' and 'remove' operations will return 'null', all 'putx' and 'removex' operations will return 'true' [cacheName=org.sakaiproject.assignment.api.model.AssignmentSubmission.submitters]
&amp#27;[33m[WARN]&amp#27;[m 5602 [sys-#51%localhost%] org.apache.ignite.internal.processors.cache.GridCacheProcessor:127 Cache write synchronization mode is set to FULL_ASYNC. All single-key 'put' and 'remove' operations will return 'null', all 'putx' and 'removex' operations will return 'true' [cacheName=org.adl.datamodels.DMElement]
&amp#27;[33m[WARN]&amp#27;[m 5603 [exchange-worker-#48%localhost%] org.apache.ignite.internal.processors.cache.GridCacheProcessor:127 Cache write synchronization mode is set to FULL_ASYNC. All single-key 'put' and 'remove' operations will return 'null', all 'putx' and 'removex' operations will return 'true' [cacheName=org.adl.datamodels.DMDelimiterDescriptor]
&amp#27;[33m[WARN]&amp#27;[m 5608 [sys-#50%localhost%] org.apache.ignite.internal.processors.cache.GridCacheProcessor:127 Cache write synchronization mode is set to FULL_ASYNC. All single-key 'put' and 'remove' operations will return 'null', all 'putx' and 'removex' operations will return 'true' [cacheName=org.adl.datamodels.DataModel]
&amp#27;[33m[WARN]&amp#27;[m 5612 [sys-#54%localhost%] org.apache.ignite.internal.processors.cache.GridCacheProcessor:127 Cache write synchronization mode is set to FULL_ASYNC. All single-key 'put' and 'remove' operations will return 'null', all 'putx' and 'removex' operations will return 'true' [cacheName=org.sakaiproject.component.common.edu.person.PersonImpl]
&amp#27;[33m[WARN]&amp#27;[m 5613 [exchange-worker-#48%localhost%] org.apache.ignite.internal.processors.cache.GridCacheProcessor:127 Cache write synchronization mode is set to FULL_ASYNC. All single-key 'put' and 'remove' operations will return 'null', all 'putx' and 'removex' operations will return 'true' [cacheName=org.sakaiproject.taggable.impl.LinkImpl]
&amp#27;[33m[WARN]&amp#27;[m 5613 [sys-#53%localhost%] org.apache.ignite.internal.processors.cache.GridCacheProcessor:127 Cache write synchronization mode is set to FULL_ASYNC. All single-key 'put' and 'remove' operations will return 'null', all 'putx' and 'removex' operations will return 'true' [cacheName=org.sakaiproject.assignment.api.model.Assignment.properties]
&amp#27;[33m[WARN]&amp#27;[m 5615 [sys-#54%localhost%] org.apache.ignite.internal.processors.cache.GridCacheProcessor:127 Cache write synchronization mode is set to FULL_ASYNC. All single-key 'put' and 'remove' operations will return 'null', all 'putx' and 'removex' operations will return 'true' [cacheName=org.adl.datamodels.ieee.SCORM_2004_DM.mElements]
&amp#27;[33m[WARN]&amp#27;[m 5615 [exchange-worker-#48%localhost%] org.apache.ignite.internal.processors.cache.GridCacheProcessor:127 Cache write synchronization mode is set to FULL_ASYNC. All single-key 'put' and 'remove' operations will return 'null', all 'putx' and 'removex' operations will return 'true' [cacheName=org.sakaiproject.lessonbuildertool.SimplePageCommentImpl]
&amp#27;[33m[WARN]&amp#27;[m 5616 [sys-#53%localhost%] org.apache.ignite.internal.processors.cache.GridCacheProcessor:127 Cache write synchronization mode is set to FULL_ASYNC. All single-key 'put' and 'remove' operations will return 'null', all 'putx' and 'removex' operations will return 'true' [cacheName=org.sakaiproject.rubrics.api.model.Rating]
&amp#27;[33m[WARN]&amp#27;[m 5617 [sys-#54%localhost%] org.apache.ignite.internal.processors.cache.GridCacheProcessor:127 Cache write synchronization mode is set to FULL_ASYNC. All single-key 'put' and 'remove' operations will return 'null', all 'putx' and 'removex' operations will return 'true' [cacheName=org.sakaiproject.coursemanagement.impl.MeetingCmImpl]
&amp#27;[33m[WARN]&amp#27;[m 5618 [sys-#50%localhost%] org.apache.ignite.internal.processors.cache.GridCacheProcessor:127 Cache write synchronization mode is set to FULL_ASYNC. All single-key 'put' and 'remove' operations will return 'null', all 'putx' and 'removex' operations will return 'true' [cacheName=org.sakaiproject.rubrics.api.model.Criterion]
&amp#27;[33m[WARN]&amp#27;[m 5619 [sys-#54%localhost%] org.apache.ignite.internal.processors.cache.GridCacheProcessor:127 Cache write synchronization mode is set to FULL_ASYNC. All single-key 'put' and 'remove' operations will return 'null', all 'putx' and 'removex' operations will return 'true' [cacheName=default-query-results-region]
&amp#27;[33m[WARN]&amp#27;[m 5621 [sys-#50%localhost%] org.apache.ignite.internal.processors.cache.GridCacheProcessor:127 Cache write synchronization mode is set to FULL_ASYNC. All single-key 'put' and 'remove' operations will return 'null', all 'putx' and 'removex' operations will return 'true' [cacheName=org.adl.datamodels.DMElementDescriptor]
&amp#27;[33m[WARN]&amp#27;[m 5621 [sys-#54%localhost%] org.apache.ignite.internal.processors.cache.GridCacheProcessor:127 Cache write synchronization mode is set to FULL_ASYNC. All single-key 'put' and 'remove' operations will return 'null', all 'putx' and 'removex' operations will return 'true' [cacheName=org.sakaiproject.coursemanagement.impl.SectionCategoryCmImpl]
&amp#27;[33m[WARN]&amp#27;[m 5623 [sys-#50%localhost%] org.apache.ignite.internal.processors.cache.GridCacheProcessor:127 Cache write synchronization mode is set to FULL_ASYNC. All single-key 'put' and 'remove' operations will return 'null', all 'putx' and 'removex' operations will return 'true' [cacheName=org.sakaiproject.chat2.model.ChatChannel]
&amp#27;[33m[WARN]&amp#27;[m 5623 [sys-#54%localhost%] org.apache.ignite.internal.processors.cache.GridCacheProcessor:127 Cache write synchronization mode is set to FULL_ASYNC. All single-key 'put' and 'remove' operations will return 'null', all 'putx' and 'removex' operations will return 'true' [cacheName=org.sakaiproject.coursemanagement.impl.AcademicSessionCmImpl]
&amp#27;[33m[WARN]&amp#27;[m 5625 [exchange-worker-#48%localhost%] org.apache.ignite.internal.processors.cache.GridCacheProcessor:127 Cache write synchronization mode is set to FULL_ASYNC. All single-key 'put' and 'remove' operations will return 'null', all 'putx' and 'removex' operations will return 'true' [cacheName=org.sakaiproject.lessonbuildertool.SimplePageGroupImpl]
&amp#27;[33m[WARN]&amp#27;[m 5625 [sys-#54%localhost%] org.apache.ignite.internal.processors.cache.GridCacheProcessor:127 Cache write synchronization mode is set to FULL_ASYNC. All single-key 'put' and 'remove' operations will return 'null', all 'putx' and 'removex' operations will return 'true' [cacheName=java.net.URL]
&amp#27;[33m[WARN]&amp#27;[m 5627 [exchange-worker-#48%localhost%] org.apache.ignite.internal.processors.cache.GridCacheProcessor:127 Cache write synchronization mode is set to FULL_ASYNC. All single-key 'put' and 'remove' operations will return 'null', all 'putx' and 'removex' operations will return 'true' [cacheName=org.sakaiproject.coursemanagement.impl.CrossListingCmImpl]
&amp#27;[33m[WARN]&amp#27;[m 5627 [sys-#49%localhost%] org.apache.ignite.internal.processors.cache.GridCacheProcessor:127 Cache write synchronization mode is set to FULL_ASYNC. All single-key 'put' and 'remove' operations will return 'null', all 'putx' and 'removex' operations will return 'true' [cacheName=org.sakaiproject.hbm.privacy.PrivacyRecord]
&amp#27;[33m[WARN]&amp#27;[m 5629 [sys-#51%localhost%] org.apache.ignite.internal.processors.cache.GridCacheProcessor:127 Cache write synchronization mode is set to FULL_ASYNC. All single-key 'put' and 'remove' operations will return 'null', all 'putx' and 'removex' operations will return 'true' [cacheName=org.sakaiproject.rubrics.api.model.Evaluation]
&amp#27;[33m[WARN]&amp#27;[m 5632 [sys-#51%localhost%] org.apache.ignite.internal.processors.cache.GridCacheProcessor:127 Cache write synchronization mode is set to FULL_ASYNC. All single-key 'put' and 'remove' operations will return 'null', all 'putx' and 'removex' operations will return 'true' [cacheName=org.adl.datamodels.DMTypeValidator]
&amp#27;[33m[WARN]&amp#27;[m 5633 [sys-#49%localhost%] org.apache.ignite.internal.processors.cache.GridCacheProcessor:127 Cache write synchronization mode is set to FULL_ASYNC. All single-key 'put' and 'remove' operations will return 'null', all 'putx' and 'removex' operations will return 'true' [cacheName=org.sakaiproject.coursemanagement.impl.AbstractMembershipContainerCmImpl]
&amp#27;[33m[WARN]&amp#27;[m 5637 [sys-#49%localhost%] org.apache.ignite.internal.processors.cache.GridCacheProcessor:127 Cache write synchronization mode is set to FULL_ASYNC. All single-key 'put' and 'remove' operations will return 'null', all 'putx' and 'removex' operations will return 'true' [cacheName=org.sakaiproject.coursemanagement.impl.EnrollmentCmImpl]
&amp#27;[33m[WARN]&amp#27;[m 5639 [sys-#49%localhost%] org.apache.ignite.internal.processors.cache.GridCacheProcessor:127 Cache write synchronization mode is set to FULL_ASYNC. All single-key 'put' and 'remove' operations will return 'null', all 'putx' and 'removex' operations will return 'true' [cacheName=org.adl.datamodels.DMDelimiter]
&amp#27;[33m[WARN]&amp#27;[m 5641 [sys-#49%localhost%] org.apache.ignite.internal.processors.cache.GridCacheProcessor:127 Cache write synchronization mode is set to FULL_ASYNC. All single-key 'put' and 'remove' operations will return 'null', all 'putx' and 'removex' operations will return 'true' [cacheName=org.sakaiproject.assignment.api.model.AssignmentSubmission.properties]
&amp#27;[33m[WARN]&amp#27;[m 5643 [sys-#49%localhost%] org.apache.ignite.internal.processors.cache.GridCacheProcessor:127 Cache write synchronization mode is set to FULL_ASYNC. All single-key 'put' and 'remove' operations will return 'null', all 'putx' and 'removex' operations will return 'true' [cacheName=org.sakaiproject.rubrics.api.model.ToolItemRubricAssociation]
&amp#27;[33m[WARN]&amp#27;[m 5644 [sys-#49%localhost%] org.apache.ignite.internal.processors.cache.GridCacheProcessor:127 Cache write synchronization mode is set to FULL_ASYNC. All single-key 'put' and 'remove' operations will return 'null', all 'putx' and 'removex' operations will return 'true' [cacheName=org.sakaiproject.api.common.type.Type]
&amp#27;[33m[WARN]&amp#27;[m 5646 [sys-#51%localhost%] org.apache.ignite.internal.processors.cache.GridCacheProcessor:127 Cache write synchronization mode is set to FULL_ASYNC. All single-key 'put' and 'remove' operations will return 'null', all 'putx' and 'removex' operations will return 'true' [cacheName=org.sakaiproject.assignment.api.model.AssignmentSubmission.feedbackAttachments]
&amp#27;[33m[WARN]&amp#27;[m 5647 [sys-#49%localhost%] org.apache.ignite.internal.processors.cache.GridCacheProcessor:127 Cache write synchronization mode is set to FULL_ASYNC. All single-key 'put' and 'remove' operations will return 'null', all 'putx' and 'removex' operations will return 'true' [cacheName=org.sakaiproject.content.hbm.Lock]
&amp#27;[33m[WARN]&amp#27;[m 5648 [sys-#51%localhost%] org.apache.ignite.internal.processors.cache.GridCacheProcessor:127 Cache write synchronization mode is set to FULL_ASYNC. All single-key 'put' and 'remove' operations will return 'null', all 'putx' and 'removex' operations will return 'true' [cacheName=org.sakaiproject.lessonbuildertool.ChecklistItemStatusImpl]
&amp#27;[33m[WARN]&amp#27;[m 5650 [sys-#49%localhost%] org.apache.ignite.internal.processors.cache.GridCacheProcessor:127 Cache write synchronization mode is set to FULL_ASYNC. All single-key 'put' and 'remove' operations will return 'null', all 'putx' and 'removex' operations will return 'true' [cacheName=org.sakaiproject.lessonbuildertool.SimplePagePropertyImpl]
&amp#27;[33m[WARN]&amp#27;[m 5652 [sys-#50%localhost%] org.apache.ignite.internal.processors.cache.GridCacheProcessor:127 Cache write synchronization mode is set to FULL_ASYNC. All single-key 'put' and 'remove' operations will return 'null', all 'putx' and 'removex' operations will return 'true' [cacheName=org.sakaiproject.coursemanagement.impl.MembershipCmImpl]
&amp#27;[32m[INFO]&amp#27;[m 5658 [exchange-worker-#48%localhost%] org.apache.ignite.internal.processors.cache.GridCacheProcessor:117 Started cache [name=org.sakaiproject.content.hbm.Lock, id=-1699004437, dataRegionName=hibernate_l2_region, mode=REPLICATED, atomicity=ATOMIC, backups=2147483647, mvcc=false, expiryPolicy=[type=javax.cache.expiry.CreatedExpiryPolicy, isEagerTtl=true]]
&amp#27;[32m[INFO]&amp#27;[m 5658 [sys-#52%localhost%] org.apache.ignite.internal.processors.cache.GridCacheProcessor:117 Started cache [name=org.sakaiproject.coursemanagement.impl.SectionCategoryCmImpl, id=1936715263, dataRegionName=hibernate_l2_region, mode=REPLICATED, atomicity=ATOMIC, backups=2147483647, mvcc=false, expiryPolicy=[type=javax.cache.expiry.CreatedExpiryPolicy, isEagerTtl=true]]
&amp#27;[32m[INFO]&amp#27;[m 5658 [sys-#53%localhost%] org.apache.ignite.internal.processors.cache.GridCacheProcessor:117 Started cache [name=org.sakaiproject.rubrics.api.model.Rubric, id=1448505214, dataRegionName=hibernate_l2_region, mode=REPLICATED, atomicity=ATOMIC, backups=2147483647, mvcc=false, expiryPolicy=[type=javax.cache.expiry.CreatedExpiryPolicy, isEagerTtl=true]]
&amp#27;[32m[INFO]&amp#27;[m 5659 [sys-#54%localhost%] org.apache.ignite.internal.processors.cache.GridCacheProcessor:117 Started cache [name=org.sakaiproject.assignment.api.model.AssignmentSubmission.submitters, id=1265389685, dataRegionName=hibernate_l2_region, mode=REPLICATED, atomicity=ATOMIC, backups=2147483647, mvcc=false, expiryPolicy=[type=javax.cache.expiry.CreatedExpiryPolicy, isEagerTtl=true]]
&amp#27;[32m[INFO]&amp#27;[m 5658 [sys-#47%localhost%] org.apache.ignite.internal.processors.cache.GridCacheProcessor:117 Started cache [name=org.sakaiproject.rubrics.api.model.Evaluation, id=-95556595, dataRegionName=hibernate_l2_region, mode=REPLICATED, atomicity=ATOMIC, backups=2147483647, mvcc=false, expiryPolicy=[type=javax.cache.expiry.CreatedExpiryPolicy, isEagerTtl=true]]
&amp#27;[32m[INFO]&amp#27;[m 5659 [sys-#56%localhost%] org.apache.ignite.internal.processors.cache.GridCacheProcessor:117 Started cache [name=org.sakaiproject.coursemanagement.impl.AbstractMembershipContainerCmImpl, id=-1959567035, dataRegionName=hibernate_l2_region, mode=REPLICATED, atomicity=ATOMIC, backups=2147483647, mvcc=false, expiryPolicy=[type=javax.cache.expiry.CreatedExpiryPolicy, isEagerTtl=true]]
&amp#27;[32m[INFO]&amp#27;[m 5695 [sys-#52%localhost%] org.apache.ignite.internal.processors.cache.GridCacheProcessor:117 Started cache [name=org.sakaiproject.coursemanagement.impl.MembershipCmImpl, id=-843124114, dataRegionName=hibernate_l2_region, mode=REPLICATED, atomicity=ATOMIC, backups=2147483647, mvcc=false, expiryPolicy=[type=javax.cache.expiry.CreatedExpiryPolicy, isEagerTtl=true]]
&amp#27;[32m[INFO]&amp#27;[m 5695 [sys-#53%localhost%] org.apache.ignite.internal.processors.cache.GridCacheProcessor:117 Started cache [name=org.sakaiproject.tool.assessment.data.dao.assessment.PublishedAnswer.answerFeedbackSet, id=237069099, dataRegionName=hibernate_l2_region, mode=REPLICATED, atomicity=ATOMIC, backups=2147483647, mvcc=false, expiryPolicy=[type=javax.cache.expiry.CreatedExpiryPolicy, isEagerTtl=true]]
&amp#27;[32m[INFO]&amp#27;[m 5696 [sys-#47%localhost%] org.apache.ignite.internal.processors.cache.GridCacheProcessor:117 Started cache [name=org.sakaiproject.lessonbuildertool.SimpleStudentPageImpl, id=815300053, dataRegionName=hibernate_l2_region, mode=REPLICATED, atomicity=ATOMIC, backups=2147483647, mvcc=false, expiryPolicy=[type=javax.cache.expiry.CreatedExpiryPolicy, isEagerTtl=true]]
&amp#27;[32m[INFO]&amp#27;[m 5696 [sys-#47%localhost%] org.apache.ignite.internal.processors.cache.GridCacheProcessor:117 Started cache [name=default-update-timestamps-region, id=1746645676, dataRegionName=hibernate_l2_region, mode=REPLICATED, atomicity=ATOMIC, backups=2147483647, mvcc=false, expiryPolicy=[type=javax.cache.expiry.CreatedExpiryPolicy, isEagerTtl=true]]
&amp#27;[32m[INFO]&amp#27;[m 5697 [sys-#47%localhost%] org.apache.ignite.internal.processors.cache.GridCacheProcessor:117 Started cache [name=org.sakaiproject.assignment.api.model.AssignmentSubmission.properties, id=-1879759586, dataRegionName=hibernate_l2_region, mode=REPLICATED, atomicity=ATOMIC, backups=2147483647, mvcc=false, expiryPolicy=[type=javax.cache.expiry.CreatedExpiryPolicy, isEagerTtl=true]]
&amp#27;[32m[INFO]&amp#27;[m 5698 [sys-#47%localhost%] org.apache.ignite.internal.processors.cache.GridCacheProcessor:117 Started cache [name=org.sakaiproject.rubrics.api.model.ToolItemRubricAssociation, id=-1834099304, dataRegionName=hibernate_l2_region, mode=REPLICATED, atomicity=ATOMIC, backups=2147483647, mvcc=false, expiryPolicy=[type=javax.cache.expiry.CreatedExpiryPolicy, isEagerTtl=true]]
&amp#27;[32m[INFO]&amp#27;[m 5699 [sys-#47%localhost%] org.apache.ignite.internal.processors.cache.GridCacheProcessor:117 Started cache [name=org.adl.datamodels.SCODataManager, id=661776175, dataRegionName=hibernate_l2_region, mode=REPLICATED, atomicity=ATOMIC, backups=2147483647, mvcc=false, expiryPolicy=[type=javax.cache.expiry.CreatedExpiryPolicy, isEagerTtl=true]]
&amp#27;[32m[INFO]&amp#27;[m 5700 [exchange-worker-#48%localhost%] org.apache.ignite.internal.processors.cache.GridCacheProcessor:117 Started cache [name=org.sakaiproject.assignment.api.model.Assignment.groups, id=985610091, dataRegionName=hibernate_l2_region, mode=REPLICATED, atomicity=ATOMIC, backups=2147483647, mvcc=false, expiryPolicy=[type=javax.cache.expiry.CreatedExpiryPolicy, isEagerTtl=true]]
&amp#27;[32m[INFO]&amp#27;[m 5701 [sys-#53%localhost%] org.apache.ignite.internal.processors.cache.GridCacheProcessor:117 Started cache [name=org.sakaiproject.taggable.impl.LinkImpl, id=469583121, dataRegionName=hibernate_l2_region, mode=REPLICATED, atomicity=ATOMIC, backups=2147483647, mvcc=false, expiryPolicy=[type=javax.cache.expiry.CreatedExpiryPolicy, isEagerTtl=true]]
&amp#27;[32m[INFO]&amp#27;[m 5701 [exchange-worker-#48%localhost%] org.apache.ignite.internal.processors.cache.GridCacheProcessor:117 Started cache [name=org.sakaiproject.assignment.api.model.AssignmentSubmission, id=-532682013, dataRegionName=hibernate_l2_region, mode=REPLICATED, atomicity=ATOMIC, backups=2147483647, mvcc=false, expiryPolicy=[type=javax.cache.expiry.CreatedExpiryPolicy, isEagerTtl=true]]
&amp#27;[32m[INFO]&amp#27;[m 5701 [sys-#53%localhost%] org.apache.ignite.internal.processors.cache.GridCacheProcessor:117 Started cache [name=org.sakaiproject.api.common.type.Type, id=-1814277873, dataRegionName=hibernate_l2_region, mode=REPLICATED, atomicity=ATOMIC, backups=2147483647, mvcc=false, expiryPolicy=[type=javax.cache.expiry.CreatedExpiryPolicy, isEagerTtl=true]]
&amp#27;[32m[INFO]&amp#27;[m 5702 [exchange-worker-#48%localhost%] org.apache.ignite.internal.processors.cache.GridCacheProcessor:117 Started cache [name=default-query-results-region, id=1935176796, dataRegionName=hibernate_l2_region, mode=REPLICATED, atomicity=ATOMIC, backups=2147483647, mvcc=false, expiryPolicy=[type=javax.cache.expiry.CreatedExpiryPolicy, isEagerTtl=true]]
&amp#27;[32m[INFO]&amp#27;[m 5703 [exchange-worker-#48%localhost%] org.apache.ignite.internal.processors.cache.GridCacheProcessor:117 Started cache [name=org.sakaiproject.lessonbuildertool.SimplePagePropertyImpl, id=-1651534343, dataRegionName=hibernate_l2_region, mode=REPLICATED, atomicity=ATOMIC, backups=2147483647, mvcc=false, expiryPolicy=[type=javax.cache.expiry.CreatedExpiryPolicy, isEagerTtl=true]]
&amp#27;[32m[INFO]&amp#27;[m 5704 [exchange-worker-#48%localhost%] org.apache.ignite.internal.processors.cache.GridCacheProcessor:117 Started cache [name=org.sakaiproject.rubrics.api.model.Criterion, id=-1032336464, dataRegionName=hibernate_l2_region, mode=REPLICATED, atomicity=ATOMIC, backups=2147483647, mvcc=false, expiryPolicy=[type=javax.cache.expiry.CreatedExpiryPolicy, isEagerTtl=true]]
&amp#27;[32m[INFO]&amp#27;[m 5704 [sys-#53%localhost%] org.apache.ignite.internal.processors.cache.GridCacheProcessor:117 Started cache [name=org.sakaiproject.coursemanagement.impl.EnrollmentCmImpl, id=-1931791588, dataRegionName=hibernate_l2_region, mode=REPLICATED, atomicity=ATOMIC, backups=2147483647, mvcc=false, expiryPolicy=[type=javax.cache.expiry.CreatedExpiryPolicy, isEagerTtl=true]]
&amp#27;[32m[INFO]&amp#27;[m 5705 [sys-#54%localhost%] org.apache.ignite.internal.processors.cache.GridCacheProcessor:117 Started cache [name=org.adl.datamodels.DMElementDescriptor, id=-960148265, dataRegionName=hibernate_l2_region, mode=REPLICATED, atomicity=ATOMIC, backups=2147483647, mvcc=false, expiryPolicy=[type=javax.cache.expiry.CreatedExpiryPolicy, isEagerTtl=true]]
&amp#27;[32m[INFO]&amp#27;[m 5705 [sys-#53%localhost%] org.apache.ignite.internal.processors.cache.GridCacheProcessor:117 Started cache [name=org.sakaiproject.assignment.api.model.AssignmentSubmission.feedbackAttachments, id=-73485472, dataRegionName=hibernate_l2_region, mode=REPLICATED, atomicity=ATOMIC, backups=2147483647, mvcc=false, expiryPolicy=[type=javax.cache.expiry.CreatedExpiryPolicy, isEagerTtl=true]]
&amp#27;[32m[INFO]&amp#27;[m 5705 [sys-#54%localhost%] org.apache.ignite.internal.processors.cache.GridCacheProcessor:117 Started cache [name=org.sakaiproject.hbm.privacy.PrivacyRecord, id=-1993669496, dataRegionName=hibernate_l2_region, mode=REPLICATED, atomicity=ATOMIC, backups=2147483647, mvcc=false, expiryPolicy=[type=javax.cache.expiry.CreatedExpiryPolicy, isEagerTtl=true]]
&amp#27;[32m[INFO]&amp#27;[m 5705 [sys-#53%localhost%] org.apache.ignite.internal.processors.cache.GridCacheProcessor:117 Started cache [name=org.sakaiproject.lessonbuildertool.ChecklistItemStatusImpl, id=60333544, dataRegionName=hibernate_l2_region, mode=REPLICATED, atomicity=ATOMIC, backups=2147483647, mvcc=false, expiryPolicy=[type=javax.cache.expiry.CreatedExpiryPolicy, isEagerTtl=true]]
&amp#27;[32m[INFO]&amp#27;[m 5706 [sys-#54%localhost%] org.apache.ignite.internal.processors.cache.GridCacheProcessor:117 Started cache [name=org.sakaiproject.coursemanagement.impl.MeetingCmImpl, id=1861850423, dataRegionName=hibernate_l2_region, mode=REPLICATED, atomicity=ATOMIC, backups=2147483647, mvcc=false, expiryPolicy=[type=javax.cache.expiry.CreatedExpiryPolicy, isEagerTtl=true]]
&amp#27;[32m[INFO]&amp#27;[m 5706 [sys-#53%localhost%] org.apache.ignite.internal.processors.cache.GridCacheProcessor:117 Started cache [name=org.sakaiproject.rubrics.api.model.ReturnedEvaluation, id=-1515033028, dataRegionName=hibernate_l2_region, mode=REPLICATED, atomicity=ATOMIC, backups=2147483647, mvcc=false, expiryPolicy=[type=javax.cache.expiry.CreatedExpiryPolicy, isEagerTtl=true]]
&amp#27;[32m[INFO]&amp#27;[m 5707 [sys-#54%localhost%] org.apache.ignite.internal.processors.cache.GridCacheProcessor:117 Started cache [name=org.adl.datamodels.SCODataManager.dataModels, id=812683987, dataRegionName=hibernate_l2_region, mode=REPLICATED, atomicity=ATOMIC, backups=2147483647, mvcc=false, expiryPolicy=[type=javax.cache.expiry.CreatedExpiryPolicy, isEagerTtl=true]]
&amp#27;[32m[INFO]&amp#27;[m 5707 [sys-#54%localhost%] org.apache.ignite.internal.processors.cache.GridCacheProcessor:117 Started cache [name=org.sakaiproject.lessonbuildertool.SimplePageItemImpl, id=-1526188489, dataRegionName=hibernate_l2_region, mode=REPLICATED, atomicity=ATOMIC, backups=2147483647, mvcc=false, expiryPolicy=[type=javax.cache.expiry.CreatedExpiryPolicy, isEagerTtl=true]]
&amp#27;[32m[INFO]&amp#27;[m 5708 [sys-#54%localhost%] org.apache.ignite.internal.processors.cache.GridCacheProcessor:117 Started cache [name=org.sakaiproject.assignment.api.model.Assignment.properties, id=1269319498, dataRegionName=hibernate_l2_region, mode=REPLICATED, atomicity=ATOMIC, backups=2147483647, mvcc=false, expiryPolicy=[type=javax.cache.expiry.CreatedExpiryPolicy, isEagerTtl=true]]
&amp#27;[32m[INFO]&amp#27;[m 5708 [sys-#56%localhost%] org.apache.ignite.internal.processors.cache.GridCacheProcessor:117 Started cache [name=org.sakaiproject.chat2.model.ChatMessage, id=-715957082, dataRegionName=hibernate_l2_region, mode=REPLICATED, atomicity=ATOMIC, backups=2147483647, mvcc=false, expiryPolicy=[type=javax.cache.expiry.CreatedExpiryPolicy, isEagerTtl=true]]
&amp#27;[32m[INFO]&amp#27;[m 5709 [sys-#52%localhost%] org.apache.ignite.internal.processors.cache.GridCacheProcessor:117 Started cache [name=org.adl.datamodels.DMProcessingInfo, id=-766402411, dataRegionName=hibernate_l2_region, mode=REPLICATED, atomicity=ATOMIC, backups=2147483647, mvcc=false, expiryPolicy=[type=javax.cache.expiry.CreatedExpiryPolicy, isEagerTtl=true]]
&amp#27;[32m[INFO]&amp#27;[m 5709 [sys-#56%localhost%] org.apache.ignite.internal.processors.cache.GridCacheProcessor:117 Started cache [name=org.sakaiproject.assignment.api.model.Assignment.attachments, id=-1401924487, dataRegionName=hibernate_l2_region, mode=REPLICATED, atomicity=ATOMIC, backups=2147483647, mvcc=false, expiryPolicy=[type=javax.cache.expiry.CreatedExpiryPolicy, isEagerTtl=true]]
&amp#27;[32m[INFO]&amp#27;[m 5709 [sys-#52%localhost%] org.apache.ignite.internal.processors.cache.GridCacheProcessor:117 Started cache [name=org.sakaiproject.lti13.LTI13Servlet_cache, id=941839520, dataRegionName=spring_region, mode=REPLICATED, atomicity=ATOMIC, backups=2147483647, mvcc=false, expiryPolicy=[type=javax.cache.expiry.CreatedExpiryPolicy, isEagerTtl=true]]
&amp#27;[32m[INFO]&amp#27;[m 5710 [sys-#56%localhost%] org.apache.ignite.internal.processors.cache.GridCacheProcessor:117 Started cache [name=org.sakaiproject.lessonbuildertool.SimplePageGroupImpl, id=611162971, dataRegionName=hibernate_l2_region, mode=REPLICATED, atomicity=ATOMIC, backups=2147483647, mvcc=false, expiryPolicy=[type=javax.cache.expiry.CreatedExpiryPolicy, isEagerTtl=true]]
&amp#27;[32m[INFO]&amp#27;[m 5710 [sys-#52%localhost%] org.apache.ignite.internal.processors.cache.GridCacheProcessor:117 Started cache [name=org.adl.datamodels.ieee.SCORM_2004_DM.mElements, id=1847557840, dataRegionName=hibernate_l2_region, mode=REPLICATED, atomicity=ATOMIC, backups=2147483647, mvcc=false, expiryPolicy=[type=javax.cache.expiry.CreatedExpiryPolicy, isEagerTtl=true]]
&amp#27;[32m[INFO]&amp#27;[m 5711 [sys-#47%localhost%] org.apache.ignite.internal.processors.cache.GridCacheProcessor:117 Started cache [name=org.sakaiproject.lessonbuildertool.SimplePageImpl, id=-1433806204, dataRegionName=hibernate_l2_region, mode=REPLICATED, atomicity=ATOMIC, backups=2147483647, mvcc=false, expiryPolicy=[type=javax.cache.expiry.CreatedExpiryPolicy, isEagerTtl=true]]
&amp#27;[32m[INFO]&amp#27;[m 5712 [sys-#47%localhost%] org.apache.ignite.internal.processors.cache.GridCacheProcessor:117 Started cache [name=org.sakaiproject.chat2.model.ChatChannel, id=-931931742, dataRegionName=hibernate_l2_region, mode=REPLICATED, atomicity=ATOMIC, backups=2147483647, mvcc=false, expiryPolicy=[type=javax.cache.expiry.CreatedExpiryPolicy, isEagerTtl=true]]
&amp#27;[32m[INFO]&amp#27;[m 5712 [sys-#47%localhost%] org.apache.ignite.internal.processors.cache.GridCacheProcessor:117 Started cache [name=org.sakaiproject.component.common.edu.person.PersonImpl, id=1772502324, dataRegionName=hibernate_l2_region, mode=REPLICATED, atomicity=ATOMIC, backups=2147483647, mvcc=false, expiryPolicy=[type=javax.cache.expiry.CreatedExpiryPolicy, isEagerTtl=true]]
&amp#27;[32m[INFO]&amp#27;[m 5713 [sys-#52%localhost%] org.apache.ignite.internal.processors.cache.GridCacheProcessor:117 Started cache [name=org.sakaiproject.assignment.api.model.AssignmentSubmission.attachments, id=-239128283, dataRegionName=hibernate_l2_region, mode=REPLICATED, atomicity=ATOMIC, backups=2147483647, mvcc=false, expiryPolicy=[type=javax.cache.expiry.CreatedExpiryPolicy, isEagerTtl=true]]
&amp#27;[32m[INFO]&amp#27;[m 5713 [sys-#47%localhost%] org.apache.ignite.internal.processors.cache.GridCacheProcessor:117 Started cache [name=org.adl.datamodels.DMDelimiter, id=-1912702125, dataRegionName=hibernate_l2_region, mode=REPLICATED, atomicity=ATOMIC, backups=2147483647, mvcc=false, expiryPolicy=[type=javax.cache.expiry.CreatedExpiryPolicy, isEagerTtl=true]]
&amp#27;[32m[INFO]&amp#27;[m 5713 [sys-#52%localhost%] org.apache.ignite.internal.processors.cache.GridCacheProcessor:117 Started cache [name=org.sakaiproject.coursemanagement.impl.AcademicSessionCmImpl, id=1943691659, dataRegionName=hibernate_l2_region, mode=REPLICATED, atomicity=ATOMIC, backups=2147483647, mvcc=false, expiryPolicy=[type=javax.cache.expiry.CreatedExpiryPolicy, isEagerTtl=true]]
&amp#27;[32m[INFO]&amp#27;[m 5708 [sys-#54%localhost%] org.apache.ignite.internal.processors.cache.GridCacheProcessor:117 Started cache [name=org.adl.datamodels.DMDelimiterDescriptor, id=448618274, dataRegionName=hibernate_l2_region, mode=REPLICATED, atomicity=ATOMIC, backups=2147483647, mvcc=false, expiryPolicy=[type=javax.cache.expiry.CreatedExpiryPolicy, isEagerTtl=true]]
&amp#27;[32m[INFO]&amp#27;[m 5711 [sys-#56%localhost%] org.apache.ignite.internal.processors.cache.GridCacheProcessor:117 Started cache [name=org.sakaiproject.lessonbuildertool.SimplePageCommentImpl, id=553815099, dataRegionName=hibernate_l2_region, mode=REPLICATED, atomicity=ATOMIC, backups=2147483647, mvcc=false, expiryPolicy=[type=javax.cache.expiry.CreatedExpiryPolicy, isEagerTtl=true]]
&amp#27;[32m[INFO]&amp#27;[m 5714 [sys-#53%localhost%] org.apache.ignite.internal.processors.cache.GridCacheProcessor:117 Started cache [name=org.adl.datamodels.DataModel, id=-1271735660, dataRegionName=hibernate_l2_region, mode=REPLICATED, atomicity=ATOMIC, backups=2147483647, mvcc=false, expiryPolicy=[type=javax.cache.expiry.CreatedExpiryPolicy, isEagerTtl=true]]
&amp#27;[32m[INFO]&amp#27;[m 5714 [exchange-worker-#48%localhost%] org.apache.ignite.internal.processors.cache.GridCacheProcessor:117 Started cache [name=java.net.URL, id=2050244018, dataRegionName=hibernate_l2_region, mode=REPLICATED, atomicity=ATOMIC, backups=2147483647, mvcc=false, expiryPolicy=[type=javax.cache.expiry.CreatedExpiryPolicy, isEagerTtl=true]]
&amp#27;[32m[INFO]&amp#27;[m 5714 [sys-#54%localhost%] org.apache.ignite.internal.processors.cache.GridCacheProcessor:117 Started cache [name=org.adl.datamodels.nav.SCORM_2004_NAV_DM.mElements, id=300675581, dataRegionName=hibernate_l2_region, mode=REPLICATED, atomicity=ATOMIC, backups=2147483647, mvcc=false, expiryPolicy=[type=javax.cache.expiry.CreatedExpiryPolicy, isEagerTtl=true]]
&amp#27;[32m[INFO]&amp#27;[m 5714 [sys-#52%localhost%] org.apache.ignite.internal.processors.cache.GridCacheProcessor:117 Started cache [name=org.sakaiproject.coursemanagement.impl.CrossListingCmImpl, id=661114556, dataRegionName=hibernate_l2_region, mode=REPLICATED, atomicity=ATOMIC, backups=2147483647, mvcc=false, expiryPolicy=[type=javax.cache.expiry.CreatedExpiryPolicy, isEagerTtl=true]]
&amp#27;[32m[INFO]&amp#27;[m 5716 [sys-#52%localhost%] org.apache.ignite.internal.processors.cache.GridCacheProcessor:117 Started cache [name=org.sakaiproject.component.common.type.TypeImpl, id=-908948276, dataRegionName=hibernate_l2_region, mode=REPLICATED, atomicity=TRANSACTIONAL, backups=2147483647, mvcc=false, expiryPolicy=[type=javax.cache.expiry.CreatedExpiryPolicy, isEagerTtl=true]]
&amp#27;[32m[INFO]&amp#27;[m 5716 [exchange-worker-#48%localhost%] org.apache.ignite.internal.processors.cache.GridCacheProcessor:117 Started cache [name=ignite-sys-cache, id=-2100569601, dataRegionName=sysMemPlc, mode=REPLICATED, atomicity=TRANSACTIONAL, backups=2147483647, mvcc=false]
&amp#27;[32m[INFO]&amp#27;[m 5718 [sys-#56%localhost%] org.apache.ignite.internal.processors.cache.GridCacheProcessor:117 Started cache [name=org.sakaiproject.coursemanagement.impl.EnrollmentSetCmImpl, id=948310522, dataRegionName=hibernate_l2_region, mode=REPLICATED, atomicity=ATOMIC, backups=2147483647, mvcc=false, expiryPolicy=[type=javax.cache.expiry.CreatedExpiryPolicy, isEagerTtl=true]]
&amp#27;[32m[INFO]&amp#27;[m 5718 [sys-#56%localhost%] org.apache.ignite.internal.processors.cache.GridCacheProcessor:117 Started cache [name=org.adl.datamodels.DMElement.mChildren, id=-374802842, dataRegionName=hibernate_l2_region, mode=REPLICATED, atomicity=ATOMIC, backups=2147483647, mvcc=false, expiryPolicy=[type=javax.cache.expiry.CreatedExpiryPolicy, isEagerTtl=true]]
&amp#27;[32m[INFO]&amp#27;[m 5719 [sys-#56%localhost%] org.apache.ignite.internal.processors.cache.GridCacheProcessor:117 Started cache [name=org.adl.datamodels.DMTypeValidator, id=-80499580, dataRegionName=hibernate_l2_region, mode=REPLICATED, atomicity=ATOMIC, backups=2147483647, mvcc=false, expiryPolicy=[type=javax.cache.expiry.CreatedExpiryPolicy, isEagerTtl=true]]
&amp#27;[32m[INFO]&amp#27;[m 5723 [exchange-worker-#48%localhost%] org.apache.ignite.internal.processors.cache.GridCacheProcessor:117 Started cache [name=org.sakaiproject.content.api.persistence.FileConversionQueueItem, id=343413514, dataRegionName=hibernate_l2_region, mode=REPLICATED, atomicity=ATOMIC, backups=2147483647, mvcc=false, expiryPolicy=[type=javax.cache.expiry.CreatedExpiryPolicy, isEagerTtl=true]]
&amp#27;[32m[INFO]&amp#27;[m 5724 [exchange-worker-#48%localhost%] org.apache.ignite.internal.processors.cache.GridCacheProcessor:117 Started cache [name=org.adl.datamodels.DMElement, id=-194177208, dataRegionName=hibernate_l2_region, mode=REPLICATED, atomicity=ATOMIC, backups=2147483647, mvcc=false, expiryPolicy=[type=javax.cache.expiry.CreatedExpiryPolicy, isEagerTtl=true]]
&amp#27;[32m[INFO]&amp#27;[m 5727 [sys-#56%localhost%] org.apache.ignite.internal.processors.cache.GridCacheProcessor:117 Started cache [name=org.sakaiproject.rubrics.api.model.Rating, id=1430562542, dataRegionName=hibernate_l2_region, mode=REPLICATED, atomicity=ATOMIC, backups=2147483647, mvcc=false, expiryPolicy=[type=javax.cache.expiry.CreatedExpiryPolicy, isEagerTtl=true]]
&amp#27;[32m[INFO]&amp#27;[m 5736 [sys-#56%localhost%] org.apache.ignite.internal.processors.cache.GridCacheProcessor:117 Started cache [name=org.sakaiproject.assignment.api.model.Assignment, id=330066999, dataRegionName=hibernate_l2_region, mode=REPLICATED, atomicity=ATOMIC, backups=2147483647, mvcc=false, expiryPolicy=[type=javax.cache.expiry.CreatedExpiryPolicy, isEagerTtl=true]]
&amp#27;[32m[INFO]&amp#27;[m 5736 [exchange-worker-#48%localhost%] org.apache.ignite.internal.processors.cache.GridCacheProcessor:117 Starting caches on local join performed in 340 ms.
&amp#27;[32m[INFO]&amp#27;[m 5823 [exchange-worker-#48%localhost%] org.apache.ignite.internal.processors.cache.distributed.dht.preloader.GridDhtPartitionsExchangeFuture:117 Skipped waiting for partitions release future (local node is joining) [topVer=AffinityTopologyVersion [topVer=1, minorTopVer=0]]
&amp#27;[32m[INFO]&amp#27;[m 7126 [exchange-worker-#48%localhost%] org.apache.ignite.internal.processors.cache.distributed.dht.preloader.GridDhtPartitionsExchangeFuture:117 finishExchangeOnCoordinator [topVer=AffinityTopologyVersion [topVer=1, minorTopVer=0], resVer=AffinityTopologyVersion [topVer=1, minorTopVer=0]]
&amp#27;[32m[INFO]&amp#27;[m 7261 [exchange-worker-#48%localhost%] org.apache.ignite.internal.processors.cache.distributed.dht.preloader.GridDhtPartitionsExchangeFuture:117 Finish exchange future [startVer=AffinityTopologyVersion [topVer=1, minorTopVer=0], resVer=AffinityTopologyVersion [topVer=1, minorTopVer=0], err=null, rebalanced=true, wasRebalanced=false]
&amp#27;[32m[INFO]&amp#27;[m 7285 [exchange-worker-#48%localhost%] org.apache.ignite.internal.processors.cache.GridCacheProcessor:117 Finish proxy initialization, cacheName=org.sakaiproject.lti13.LTI13Servlet_cache, localNodeId=c3c4f40e-47bb-4840-ad3e-e28a82a9b33b
&amp#27;[32m[INFO]&amp#27;[m 7285 [exchange-worker-#48%localhost%] org.apache.ignite.internal.processors.cache.GridCacheProcessor:117 Finish proxy initialization, cacheName=default-query-results-region, localNodeId=c3c4f40e-47bb-4840-ad3e-e28a82a9b33b
&amp#27;[32m[INFO]&amp#27;[m 7285 [exchange-worker-#48%localhost%] org.apache.ignite.internal.processors.cache.GridCacheProcessor:117 Finish proxy initialization, cacheName=java.net.URL, localNodeId=c3c4f40e-47bb-4840-ad3e-e28a82a9b33b
&amp#27;[32m[INFO]&amp#27;[m 7285 [exchange-worker-#48%localhost%] org.apache.ignite.internal.processors.cache.GridCacheProcessor:117 Finish proxy initialization, cacheName=org.sakaiproject.assignment.api.model.Assignment.attachments, localNodeId=c3c4f40e-47bb-4840-ad3e-e28a82a9b33b
&amp#27;[32m[INFO]&amp#27;[m 7286 [exchange-worker-#48%localhost%] org.apache.ignite.internal.processors.cache.GridCacheProcessor:117 Finish proxy initialization, cacheName=org.sakaiproject.tool.assessment.data.dao.assessment.PublishedAnswer.answerFeedbackSet, localNodeId=c3c4f40e-47bb-4840-ad3e-e28a82a9b33b
&amp#27;[32m[INFO]&amp#27;[m 7286 [exchange-worker-#48%localhost%] org.apache.ignite.internal.processors.cache.GridCacheProcessor:117 Finish proxy initialization, cacheName=org.sakaiproject.lessonbuildertool.SimplePageImpl, localNodeId=c3c4f40e-47bb-4840-ad3e-e28a82a9b33b
&amp#27;[32m[INFO]&amp#27;[m 7286 [exchange-worker-#48%localhost%] org.apache.ignite.internal.processors.cache.GridCacheProcessor:117 Finish proxy initialization, cacheName=org.sakaiproject.rubrics.api.model.ReturnedEvaluation, localNodeId=c3c4f40e-47bb-4840-ad3e-e28a82a9b33b
&amp#27;[32m[INFO]&amp#27;[m 7286 [exchange-worker-#48%localhost%] org.apache.ignite.internal.processors.cache.GridCacheProcessor:117 Finish proxy initialization, cacheName=org.sakaiproject.coursemanagement.impl.SectionCategoryCmImpl, localNodeId=c3c4f40e-47bb-4840-ad3e-e28a82a9b33b
&amp#27;[32m[INFO]&amp#27;[m 7286 [exchange-worker-#48%localhost%] org.apache.ignite.internal.processors.cache.GridCacheProcessor:117 Finish proxy initialization, cacheName=org.sakaiproject.component.common.edu.person.PersonImpl, localNodeId=c3c4f40e-47bb-4840-ad3e-e28a82a9b33b
&amp#27;[32m[INFO]&amp#27;[m 7286 [exchange-worker-#48%localhost%] org.apache.ignite.internal.processors.cache.GridCacheProcessor:117 Finish proxy initialization, cacheName=org.adl.datamodels.DMElementDescriptor, localNodeId=c3c4f40e-47bb-4840-ad3e-e28a82a9b33b
&amp#27;[32m[INFO]&amp#27;[m 7286 [exchange-worker-#48%localhost%] org.apache.ignite.internal.processors.cache.GridCacheProcessor:117 Finish proxy initialization, cacheName=org.adl.datamodels.nav.SCORM_2004_NAV_DM.mElements, localNodeId=c3c4f40e-47bb-4840-ad3e-e28a82a9b33b
&amp#27;[32m[INFO]&amp#27;[m 7286 [exchange-worker-#48%localhost%] org.apache.ignite.internal.processors.cache.GridCacheProcessor:117 Finish proxy initialization, cacheName=org.sakaiproject.assignment.api.model.AssignmentSubmission.submitters, localNodeId=c3c4f40e-47bb-4840-ad3e-e28a82a9b33b
&amp#27;[32m[INFO]&amp#27;[m 7286 [exchange-worker-#48%localhost%] org.apache.ignite.internal.processors.cache.GridCacheProcessor:117 Finish proxy initialization, cacheName=org.sakaiproject.assignment.api.model.AssignmentSubmission.attachments, localNodeId=c3c4f40e-47bb-4840-ad3e-e28a82a9b33b
&amp#27;[32m[INFO]&amp#27;[m 7286 [exchange-worker-#48%localhost%] org.apache.ignite.internal.processors.cache.GridCacheProcessor:117 Finish proxy initialization, cacheName=org.sakaiproject.assignment.api.model.Assignment, localNodeId=c3c4f40e-47bb-4840-ad3e-e28a82a9b33b
&amp#27;[32m[INFO]&amp#27;[m 7286 [exchange-worker-#48%localhost%] org.apache.ignite.internal.processors.cache.GridCacheProcessor:117 Finish proxy initialization, cacheName=org.sakaiproject.component.common.type.TypeImpl, localNodeId=c3c4f40e-47bb-4840-ad3e-e28a82a9b33b
&amp#27;[32m[INFO]&amp#27;[m 7287 [exchange-worker-#48%localhost%] org.apache.ignite.internal.processors.cache.GridCacheProcessor:117 Finish proxy initialization, cacheName=org.adl.datamodels.DMDelimiterDescriptor, localNodeId=c3c4f40e-47bb-4840-ad3e-e28a82a9b33b
&amp#27;[32m[INFO]&amp#27;[m 7287 [exchange-worker-#48%localhost%] org.apache.ignite.internal.processors.cache.GridCacheProcessor:117 Finish proxy initialization, cacheName=org.adl.datamodels.SCODataManager.dataModels, localNodeId=c3c4f40e-47bb-4840-ad3e-e28a82a9b33b
&amp#27;[32m[INFO]&amp#27;[m 7287 [exchange-worker-#48%localhost%] org.apache.ignite.internal.processors.cache.GridCacheProcessor:117 Finish proxy initialization, cacheName=org.sakaiproject.hbm.privacy.PrivacyRecord, localNodeId=c3c4f40e-47bb-4840-ad3e-e28a82a9b33b
&amp#27;[32m[INFO]&amp#27;[m 7287 [exchange-worker-#48%localhost%] org.apache.ignite.internal.processors.cache.GridCacheProcessor:117 Finish proxy initialization, cacheName=org.adl.datamodels.DMElement, localNodeId=c3c4f40e-47bb-4840-ad3e-e28a82a9b33b
&amp#27;[32m[INFO]&amp#27;[m 7287 [exchange-worker-#48%localhost%] org.apache.ignite.internal.processors.cache.GridCacheProcessor:117 Finish proxy initialization, cacheName=org.adl.datamodels.DataModel, localNodeId=c3c4f40e-47bb-4840-ad3e-e28a82a9b33b
&amp#27;[32m[INFO]&amp#27;[m 7287 [exchange-worker-#48%localhost%] org.apache.ignite.internal.processors.cache.GridCacheProcessor:117 Finish proxy initialization, cacheName=org.sakaiproject.rubrics.api.model.Rubric, localNodeId=c3c4f40e-47bb-4840-ad3e-e28a82a9b33b
&amp#27;[32m[INFO]&amp#27;[m 7287 [exchange-worker-#48%localhost%] org.apache.ignite.internal.processors.cache.GridCacheProcessor:117 Finish proxy initialization, cacheName=org.sakaiproject.rubrics.api.model.Rating, localNodeId=c3c4f40e-47bb-4840-ad3e-e28a82a9b33b
&amp#27;[32m[INFO]&amp#27;[m 7287 [exchange-worker-#48%localhost%] org.apache.ignite.internal.processors.cache.GridCacheProcessor:117 Finish proxy initialization, cacheName=org.adl.datamodels.DMDelimiter, localNodeId=c3c4f40e-47bb-4840-ad3e-e28a82a9b33b
&amp#27;[32m[INFO]&amp#27;[m 7287 [exchange-worker-#48%localhost%] org.apache.ignite.internal.processors.cache.GridCacheProcessor:117 Finish proxy initialization, cacheName=ignite-sys-cache, localNodeId=c3c4f40e-47bb-4840-ad3e-e28a82a9b33b
&amp#27;[32m[INFO]&amp#27;[m 7287 [exchange-worker-#48%localhost%] org.apache.ignite.internal.processors.cache.GridCacheProcessor:117 Finish proxy initialization, cacheName=org.sakaiproject.rubrics.api.model.ToolItemRubricAssociation, localNodeId=c3c4f40e-47bb-4840-ad3e-e28a82a9b33b
&amp#27;[32m[INFO]&amp#27;[m 7287 [exchange-worker-#48%localhost%] org.apache.ignite.internal.processors.cache.GridCacheProcessor:117 Finish proxy initialization, cacheName=org.sakaiproject.lessonbuildertool.SimplePageGroupImpl, localNodeId=c3c4f40e-47bb-4840-ad3e-e28a82a9b33b
&amp#27;[32m[INFO]&amp#27;[m 7287 [exchange-worker-#48%localhost%] org.apache.ignite.internal.processors.cache.GridCacheProcessor:117 Finish proxy initialization, cacheName=default-update-timestamps-region, localNodeId=c3c4f40e-47bb-4840-ad3e-e28a82a9b33b
&amp#27;[32m[INFO]&amp#27;[m 7288 [exchange-worker-#48%localhost%] org.apache.ignite.internal.processors.cache.GridCacheProcessor:117 Finish proxy initialization, cacheName=org.adl.datamodels.DMTypeValidator, localNodeId=c3c4f40e-47bb-4840-ad3e-e28a82a9b33b
&amp#27;[32m[INFO]&amp#27;[m 7288 [exchange-worker-#48%localhost%] org.apache.ignite.internal.processors.cache.GridCacheProcessor:117 Finish proxy initialization, cacheName=org.sakaiproject.lessonbuildertool.SimplePageCommentImpl, localNodeId=c3c4f40e-47bb-4840-ad3e-e28a82a9b33b
&amp#27;[32m[INFO]&amp#27;[m 7288 [exchange-worker-#48%localhost%] org.apache.ignite.internal.processors.cache.GridCacheProcessor:117 Finish proxy initialization, cacheName=org.sakaiproject.lessonbuildertool.SimplePageItemImpl, localNodeId=c3c4f40e-47bb-4840-ad3e-e28a82a9b33b
&amp#27;[32m[INFO]&amp#27;[m 7288 [exchange-worker-#48%localhost%] org.apache.ignite.internal.processors.cache.GridCacheProcessor:117 Finish proxy initialization, cacheName=org.sakaiproject.rubrics.api.model.Evaluation, localNodeId=c3c4f40e-47bb-4840-ad3e-e28a82a9b33b
&amp#27;[32m[INFO]&amp#27;[m 7288 [exchange-worker-#48%localhost%] org.apache.ignite.internal.processors.cache.GridCacheProcessor:117 Finish proxy initialization, cacheName=org.adl.datamodels.DMProcessingInfo, localNodeId=c3c4f40e-47bb-4840-ad3e-e28a82a9b33b
&amp#27;[32m[INFO]&amp#27;[m 7288 [exchange-worker-#48%localhost%] org.apache.ignite.internal.processors.cache.GridCacheProcessor:117 Finish proxy initialization, cacheName=org.sakaiproject.rubrics.api.model.Criterion, localNodeId=c3c4f40e-47bb-4840-ad3e-e28a82a9b33b
&amp#27;[32m[INFO]&amp#27;[m 7288 [exchange-worker-#48%localhost%] org.apache.ignite.internal.processors.cache.GridCacheProcessor:117 Finish proxy initialization, cacheName=org.sakaiproject.coursemanagement.impl.EnrollmentCmImpl, localNodeId=c3c4f40e-47bb-4840-ad3e-e28a82a9b33b
&amp#27;[32m[INFO]&amp#27;[m 7288 [exchange-worker-#48%localhost%] org.apache.ignite.internal.processors.cache.GridCacheProcessor:117 Finish proxy initialization, cacheName=org.sakaiproject.lessonbuildertool.SimpleStudentPageImpl, localNodeId=c3c4f40e-47bb-4840-ad3e-e28a82a9b33b
&amp#27;[32m[INFO]&amp#27;[m 7288 [exchange-worker-#48%localhost%] org.apache.ignite.internal.processors.cache.GridCacheProcessor:117 Finish proxy initialization, cacheName=org.adl.datamodels.DMElement.mChildren, localNodeId=c3c4f40e-47bb-4840-ad3e-e28a82a9b33b
&amp#27;[32m[INFO]&amp#27;[m 7288 [exchange-worker-#48%localhost%] org.apache.ignite.internal.processors.cache.GridCacheProcessor:117 Finish proxy initialization, cacheName=org.sakaiproject.coursemanagement.impl.MeetingCmImpl, localNodeId=c3c4f40e-47bb-4840-ad3e-e28a82a9b33b
&amp#27;[32m[INFO]&amp#27;[m 7288 [exchange-worker-#48%localhost%] org.apache.ignite.internal.processors.cache.GridCacheProcessor:117 Finish proxy initialization, cacheName=org.adl.datamodels.ieee.SCORM_2004_DM.mElements, localNodeId=c3c4f40e-47bb-4840-ad3e-e28a82a9b33b
&amp#27;[32m[INFO]&amp#27;[m 7289 [exchange-worker-#48%localhost%] org.apache.ignite.internal.processors.cache.GridCacheProcessor:117 Finish proxy initialization, cacheName=org.sakaiproject.content.hbm.Lock, localNodeId=c3c4f40e-47bb-4840-ad3e-e28a82a9b33b
&amp#27;[32m[INFO]&amp#27;[m 7289 [exchange-worker-#48%localhost%] org.apache.ignite.internal.processors.cache.GridCacheProcessor:117 Finish proxy initialization, cacheName=org.sakaiproject.coursemanagement.impl.MembershipCmImpl, localNodeId=c3c4f40e-47bb-4840-ad3e-e28a82a9b33b
&amp#27;[32m[INFO]&amp#27;[m 7289 [exchange-worker-#48%localhost%] org.apache.ignite.internal.processors.cache.GridCacheProcessor:117 Finish proxy initialization, cacheName=org.sakaiproject.coursemanagement.impl.AcademicSessionCmImpl, localNodeId=c3c4f40e-47bb-4840-ad3e-e28a82a9b33b
&amp#27;[32m[INFO]&amp#27;[m 7289 [exchange-worker-#48%localhost%] org.apache.ignite.internal.processors.cache.GridCacheProcessor:117 Finish proxy initialization, cacheName=org.sakaiproject.chat2.model.ChatChannel, localNodeId=c3c4f40e-47bb-4840-ad3e-e28a82a9b33b
&amp#27;[32m[INFO]&amp#27;[m 7289 [exchange-worker-#48%localhost%] org.apache.ignite.internal.processors.cache.GridCacheProcessor:117 Finish proxy initialization, cacheName=org.sakaiproject.api.common.type.Type, localNodeId=c3c4f40e-47bb-4840-ad3e-e28a82a9b33b
&amp#27;[32m[INFO]&amp#27;[m 7289 [exchange-worker-#48%localhost%] org.apache.ignite.internal.processors.cache.GridCacheProcessor:117 Finish proxy initialization, cacheName=org.sakaiproject.assignment.api.model.Assignment.groups, localNodeId=c3c4f40e-47bb-4840-ad3e-e28a82a9b33b
[...]
&amp#27;[32m[INFO]&amp#27;[m 7966 [main] org.sakaiproject.springframework.orm.hibernate.impl.AdditionalHibernateMappingsImpl:120 Add annotated class [org.sakaiproject.messagebundle.api.MessageBundleProperty]
&amp#27;[32m[INFO]&amp#27;[m 7966 [main] org.sakaiproject.springframework.orm.hibernate.impl.AdditionalHibernateMappingsImpl:120 Add annotated class [org.sakaiproject.tasks.api.Task]
&amp#27;[32m[INFO]&amp#27;[m 7966 [main] org.sakaiproject.springframework.orm.hibernate.impl.AdditionalHibernateMappingsImpl:120 Add annotated class [org.sakaiproject.tasks.api.UserTask]
&amp#27;[32m[INFO]&amp#27;[m 7966 [main] org.sakaiproject.springframework.orm.hibernate.impl.AdditionalHibernateMappingsImpl:120 Add annotated class [org.sakaiproject.tasks.api.TaskAssigned]
&amp#27;[32m[INFO]&amp#27;[m 7966 [main] org.sakaiproject.springframework.orm.hibernate.impl.AdditionalHibernateMappingsImpl:120 Add annotated class [org.sakaiproject.timesheet.api.TimeSheetEntry]
&amp#27;[32m[INFO]&amp#27;[m 7967 [main] org.sakaiproject.springframework.orm.hibernate.impl.AdditionalHibernateMappingsImpl:120 Add annotated class [org.sakaiproject.messaging.api.model.PushSubscription]
&amp#27;[32m[INFO]&amp#27;[m 7967 [main] org.sakaiproject.springframework.orm.hibernate.impl.AdditionalHibernateMappingsImpl:120 Add annotated class [org.sakaiproject.messaging.api.model.UserNotification]
&amp#27;[32m[INFO]&amp#27;[m 8061 [main] org.sakaiproject.ignite.IgniteEntityManagerFactoryBean:29 Ignite instance name [localhost] configured as hibernate cache provider
&amp#27;[32m[INFO]&amp#27;[m 8082 [main] org.hibernate.jpa.internal.util.LogHelper:31 HHH000204: Processing PersistenceUnitInfo [name: sakai]
&amp#27;[32m[INFO]&amp#27;[m 8176 [main] org.hibernate.Version:44 HHH000412: Hibernate ORM core version 5.6.15.Final
&amp#27;[32m[INFO]&amp#27;[m 8179 [main] org.hibernate.cfg.Environment:184 HHH000205: Loaded properties from resource hibernate.properties: {hibernate.connection.driver_class=org.hsqldb.jdbcDriver, hibernate.hbm2ddl.auto=create-only, hibernate.dialect=org.hibernate.dialect.HSQLDialect, hibernate.connection.url=jdbc:hsqldb:mem:test, hibernate.cache.use_second_level_cache=false, hibernate.bytecode.use_reflection_optimizer=false, hibernate.show_sql=false, hibernate.current_session_context_class=org.springframework.orm.hibernate5.SpringSessionContext}
&amp#27;[33m[WARN]&amp#27;[m 8447 [main] org.hibernate.orm.deprecation:1240 HHH90000021: Encountered deprecated setting [hibernate.ejb.identifier_generator_strategy_provider], use [hibernate.identifier_generator_strategy_provider] instead
&amp#27;[32m[INFO]&amp#27;[m 8504 [main] org.hibernate.dialect.Dialect:175 HHH000400: Using dialect: org.hibernate.dialect.HSQLDialect
&amp#27;[32m[INFO]&amp#27;[m 8671 [main] org.hibernate.annotations.common.Version:56 HCANN000001: Hibernate Commons Annotations {5.1.2.Final}
&amp#27;[32m[INFO]&amp#27;[m 10576 [main] org.hibernate.orm.connections.access:48 HHH10001501: Connection obtained from JdbcConnectionAccess [org.hibernate.engine.jdbc.env.internal.JdbcEnvironmentInitiator$ConnectionProviderJdbcConnectionAccess@639d808a] for (non-JTA) DDL execution was not in auto-commit mode; the Connection 'local transaction' will be committed and the Connection will be set into auto-commit mode.
&amp#27;[32m[INFO]&amp#27;[m 10714 [main] org.hibernate.engine.transaction.jta.platform.internal.JtaPlatformInitiator:52 HHH000490: Using JtaPlatform implementation: [org.hibernate.engine.transaction.jta.platform.internal.NoJtaPlatform]
&amp#27;[32m[INFO]&amp#27;[m 10912 [main] org.sakaiproject.ignite.IgniteEntityManagerFactoryBean:437 Initialized JPA EntityManagerFactory for persistence unit 'sakai'
&amp#27;[32m[INFO]&amp#27;[m 11013 [main] org.sakaiproject.db.impl.BasicSqlService:232 init(): vendor: hsqldb autoDDL: true deadlockRetries: 5
&amp#27;[32m[INFO]&amp#27;[m 11016 [main] org.sakaiproject.config.impl.HibernateConfigItemDaoImpl:57 init: autoDDL sakai_config_item
&amp#27;[33m[WARN]&amp#27;[m 11138 [main] org.hibernate.orm.deprecation:1837 HHH90000022: Hibernate's legacy org.hibernate.Criteria API is deprecated; use the JPA javax.persistence.criteria.CriteriaQuery instead
&amp#27;[32m[INFO]&amp#27;[m 11271 [main] org.sakaiproject.memory.impl.SakaiCacheManagerFactoryBean:173 Initializing EhCache CacheManager
&amp#27;[32m[INFO]&amp#27;[m 11314 [main] org.sakaiproject.memory.impl.SakaiCacheManagerFactoryBean:222 Attempting to load default cluster caching.
&amp#27;[32m[INFO]&amp#27;[m 11362 [main] org.sakaiproject.memory.impl.BaseMemoryService:55 INIT
&amp#27;[32m[INFO]&amp#27;[m 11367 [main] org.sakaiproject.memory.impl.EhcacheMemoryService:82 INIT: STATUS_ALIVE, caches: []
&amp#27;[32m[INFO]&amp#27;[m 11369 [main] org.sakaiproject.memory.impl.EhCacheJmxRegistration:52 Registering Cache Provider with JMXBeanServer com.sun.jmx.mbeanserver.JmxMBeanServer@6692b6c6
&amp#27;[32m[INFO]&amp#27;[m 11386 [main] org.sakaiproject.memory.impl.BaseMemoryService:73 INIT complete: new: EhcacheMemoryService
&amp#27;[32m[INFO]&amp#27;[m 11418 [main] org.sakaiproject.memory.impl.EhcacheMemoryService:354 Created ehcache (org.sakaiproject.user.api.UserDirectoryService) using defaults
&amp#27;[32m[INFO]&amp#27;[m 11419 [main] org.sakaiproject.memory.impl.EhcacheMemoryService:367 Configuring ehcache (org.sakaiproject.user.api.UserDirectoryService) from Sakai config: maxElementsInMemory=100000,timeToLiveSeconds=86400,timeToIdleSeconds=86400
&amp#27;[32m[INFO]&amp#27;[m 11423 [main] org.sakaiproject.memory.impl.EhcacheMemoryService:354 Created ehcache (org.sakaiproject.user.api.UserDirectoryService.callCache) using defaults
&amp#27;[32m[INFO]&amp#27;[m 11423 [main] org.sakaiproject.user.impl.BaseUserDirectoryService:617 Creating user callCache observer for event based cache expiration (for local caches)
&amp#27;[32m[INFO]&amp#27;[m 11449 [main] org.sakaiproject.event.impl.BaseEventTrackingService:160 org.sakaiproject.event.impl.ClusterEventTracking$$EnhancerBySpringCGLIB$$4f901963@4f290f46.init()
&amp#27;[32m[INFO]&amp#27;[m 11451 [main] org.sakaiproject.event.impl.ClusterEventTracking:255 period: 5, batch: true, checkDb: true
&amp#27;[32m[INFO]&amp#27;[m 11452 [main] org.sakaiproject.event.impl.ClusterEventTracking:258 Server Start: serverId=eim-alu-69095, serverInstance=1716386199845, serverIdInstance=eim-alu-69095-1716386199845, version=unknown/unknown
&amp#27;[32m[INFO]&amp#27;[m 11457 [main] org.sakaiproject.authz.impl.FunctionManagerComponent:61 init()
&amp#27;[32m[INFO]&amp#27;[m 11469 [main] org.sakaiproject.user.impl.PasswordPolicyProviderDefaultImpl:137 PasswordPolicyProviderDefaultImpl.init(): minEntropy=16, mediumEntropy=32, highEntropy=48, maxSequenceLength=3
&amp#27;[32m[INFO]&amp#27;[m 11469 [main] org.sakaiproject.user.impl.BaseUserDirectoryService:664 init(): PasswordPolicyProvider (org.sakaiproject.user.api.PasswordPolicyProvider): none
&amp#27;[32m[INFO]&amp#27;[m 11474 [main] org.sakaiproject.user.impl.BaseUserDirectoryService:666 init(): provider: none separateIdEid: true
&amp#27;[32m[INFO]&amp#27;[m 11475 [main] org.sakaiproject.user.impl.DbUserService:163 init(): table: SAKAI_USER external locks: true
&amp#27;[32m[INFO]&amp#27;[m 11475 [main] org.sakaiproject.user.impl.DbUserService:165 User ID/EID mapping Cache [org.sakaiproject.user.api.UserDirectoryService]
&amp#27;[32m[INFO]&amp#27;[m 11475 [main] org.sakaiproject.user.impl.PrecachingDbUserService:121 User precache not scheduled for startup run
&amp#27;[32m[INFO]&amp#27;[m 11476 [main] org.sakaiproject.user.impl.PrecachingDbUserService:149 User precache not scheduled for daily run
&amp#27;[32m[INFO]&amp#27;[m 11484 [main] org.sakaiproject.alias.impl.DbAliasService:158 init(): table: SAKAI_ALIAS external locks: true checkOld: false
&amp#27;[32m[INFO]&amp#27;[m 11488 [main] org.sakaiproject.hikaricp.jdbc.pool.SakaiBasicDataSource:149 init()
&amp#27;[32m[INFO]&amp#27;[m 11664 [main] org.sakaiproject.memory.impl.EhcacheMemoryService:354 Created ehcache (org.sakaiproject.site.impl.SiteCacheImpl.cache) using defaults
&amp#27;[32m[INFO]&amp#27;[m 11665 [main] org.sakaiproject.site.impl.SiteCacheSafe:85 Creating SiteCacheImpl.cache observer for event based cache expiration (for local caches)
&amp#27;[32m[INFO]&amp#27;[m 11667 [main] org.sakaiproject.memory.impl.EhcacheMemoryService:354 Created ehcache (org.sakaiproject.site.impl.SiteCacheImpl.cacheTools) using defaults
&amp#27;[32m[INFO]&amp#27;[m 11668 [main] org.sakaiproject.memory.impl.EhcacheMemoryService:410 Configured ehcache (org.sakaiproject.site.impl.SiteCacheImpl.cacheTools) from inputs: org.sakaiproject.memory.impl.EhcacheCache$1@6b174aa3
&amp#27;[32m[INFO]&amp#27;[m 11669 [main] org.sakaiproject.memory.impl.EhcacheMemoryService:354 Created ehcache (org.sakaiproject.site.impl.SiteCacheImpl.cachePages) using defaults
&amp#27;[32m[INFO]&amp#27;[m 11669 [main] org.sakaiproject.memory.impl.EhcacheMemoryService:410 Configured ehcache (org.sakaiproject.site.impl.SiteCacheImpl.cachePages) from inputs: org.sakaiproject.memory.impl.EhcacheCache$1@6b174aa3
&amp#27;[32m[INFO]&amp#27;[m 11670 [main] org.sakaiproject.memory.impl.EhcacheMemoryService:354 Created ehcache (org.sakaiproject.site.impl.SiteCacheImpl.cacheGroups) using defaults
&amp#27;[32m[INFO]&amp#27;[m 11670 [main] org.sakaiproject.memory.impl.EhcacheMemoryService:410 Configured ehcache (org.sakaiproject.site.impl.SiteCacheImpl.cacheGroups) from inputs: org.sakaiproject.memory.impl.EhcacheCache$1@6b174aa3
&amp#27;[32m[INFO]&amp#27;[m 11671 [main] org.sakaiproject.memory.impl.EhcacheMemoryService:354 Created ehcache (org.sakaiproject.site.api.SiteService.userSiteCache) using defaults
&amp#27;[32m[INFO]&amp#27;[m 11690 [main] org.sakaiproject.memory.impl.EhcacheMemoryService:354 Created ehcache (org.sakaiproject.authz.api.SecurityService.cache) using defaults
&amp#27;[32m[INFO]&amp#27;[m 11691 [main] org.sakaiproject.memory.impl.EhcacheMemoryService:354 Created ehcache (org.sakaiproject.authz.api.SecurityService.superCache) using defaults
&amp#27;[32m[INFO]&amp#27;[m 11692 [main] org.sakaiproject.memory.impl.EhcacheMemoryService:354 Created ehcache (org.sakaiproject.authz.api.SecurityService.contentCache) using defaults
&amp#27;[32m[INFO]&amp#27;[m 11696 [main] org.sakaiproject.site.impl.DbSiteService:173 init(): site table: SAKAI_SITE external locks: true
&amp#27;[32m[INFO]&amp#27;[m 11732 [main] org.sakaiproject.event.impl.BaseNotificationService:216 org.sakaiproject.event.impl.DbNotificationService$$EnhancerBySpringCGLIB$$8a0f2f50@407956a5.init() started
&amp#27;[32m[INFO]&amp#27;[m 11737 [main] org.sakaiproject.event.impl.BaseNotificationService:229 org.sakaiproject.event.impl.DbNotificationService$$EnhancerBySpringCGLIB$$8a0f2f50@407956a5.init() complete
&amp#27;[32m[INFO]&amp#27;[m 11737 [main] org.sakaiproject.event.impl.DbNotificationService:118 .init(): table: SAKAI_NOTIFICATION locks-in-db: false
&amp#27;[32m[INFO]&amp#27;[m 11789 [main] org.sakaiproject.authz.impl.DbAuthzGroupService:259 table: SAKAI_REALM external locks: true
&amp#27;[32m[INFO]&amp#27;[m 12184 [main] org.sakaiproject.authz.impl.BaseAuthzGroupService:338 init(): provider: none
&amp#27;[32m[INFO]&amp#27;[m 12187 [main] org.sakaiproject.memory.impl.EhcacheMemoryService:354 Created ehcache (org.sakaiproject.authz.impl.DbAuthzGroupService.realmRoleGroupCache) using defaults
&amp#27;[32m[INFO]&amp#27;[m 12188 [main] org.sakaiproject.memory.impl.EhcacheMemoryService:354 Created ehcache (org.sakaiproject.authz.impl.DbAuthzGroupService.authzUserGroupIdsCache) using defaults
&amp#27;[32m[INFO]&amp#27;[m 12188 [main] org.sakaiproject.memory.impl.EhcacheMemoryService:367 Configuring ehcache (org.sakaiproject.authz.impl.DbAuthzGroupService.authzUserGroupIdsCache) from Sakai config: maxElementsInMemory=2000,timeToLiveSeconds=21600,timeToIdleSeconds=21600
&amp#27;[32m[INFO]&amp#27;[m 12189 [main] org.sakaiproject.memory.impl.EhcacheMemoryService:354 Created ehcache (org.sakaiproject.authz.impl.DbAuthzGroupService.maintainRolesCache) using defaults
&amp#27;[32m[INFO]&amp#27;[m 12190 [main] org.sakaiproject.memory.impl.EhcacheMemoryService:354 Created ehcache (org.sakaiproject.authz.impl.DbAuthzGroupService.realmLocksCache) using defaults
&amp#27;[32m[INFO]&amp#27;[m 12214 [main] org.sakaiproject.memory.impl.EhcacheMemoryService:354 Created ehcache (org.sakaiproject.time.impl.BasicTimeService.userLocaleCache) using defaults
&amp#27;[32m[INFO]&amp#27;[m 12248 [main] org.sakaiproject.memory.impl.EhcacheMemoryService:354 Created ehcache (org.sakaiproject.user.impl.BasePreferencesService.preferences) using defaults
&amp#27;[32m[INFO]&amp#27;[m 12248 [main] org.sakaiproject.user.impl.BasePreferencesService:232 init()
&amp#27;[32m[INFO]&amp#27;[m 12249 [main] org.sakaiproject.user.impl.DbPreferencesService:114 init(): table: SAKAI_PREFERENCES locks-in-db: false
&amp#27;[32m[INFO]&amp#27;[m 12257 [main] org.sakaiproject.memory.impl.EhcacheMemoryService:354 Created ehcache (org.sakaiproject.time.impl.BasicTimeService.userTimezoneCache) using defaults
&amp#27;[32m[INFO]&amp#27;[m 12258 [main] org.sakaiproject.time.impl.BasicTimeService:118 init()
&amp#27;[32m[INFO]&amp#27;[m 12277 [main] org.sakaiproject.email.impl.BasicEmailService:259 init(): smtp: null bounces to: no-reply@localhost maxRecipients: 100 testMode: false  
&amp#27;[32m[INFO]&amp#27;[m 12281 [main] org.sakaiproject.email.impl.BaseDigestService:654 init(): email digests will be checked in 349 seconds and then every 3600 seconds while the server is running
&amp#27;[32m[INFO]&amp#27;[m 12281 [main] org.sakaiproject.email.impl.DbDigestService:121 init(): table: SAKAI_DIGEST locks-in-db: false
&amp#27;[32m[INFO]&amp#27;[m 12346 [main] org.sakaiproject.memory.impl.EhcacheMemoryService:354 Created ehcache (org.sakaiproject.event.api.UsageSessionService.recentUserRefresh) using defaults
&amp#27;[32m[INFO]&amp#27;[m 12346 [main] org.sakaiproject.event.impl.UsageSessionServiceAdaptor:222 init()
&amp#27;[32m[INFO]&amp#27;[m 12350 [main] org.sakaiproject.tool.impl.RebuildBreakdownServiceImpl:100 INIT: session clustering=false
&amp#27;[32m[INFO]&amp#27;[m 12389 [main] org.sakaiproject.tool.impl.ToolComponent:255 init(): hidden tools: microsoft.mediagallery sakai.meetings microsoft.collaborativedocuments 
&amp#27;[32m[INFO]&amp#27;[m 12452 [main] org.sakaiproject.cluster.impl.SakaiClusterService:353 Switching status from UNKNOWN to STARTING
&amp#27;[32m[INFO]&amp#27;[m 12462 [main] org.sakaiproject.cluster.impl.SakaiClusterService:253 init: refresh: 60 expired: 600 ghostingPercent: 100
&amp#27;[32m[INFO]&amp#27;[m 12514 [main] org.sakaiproject.id.impl.UuidV4IdComponent:51 init()
&amp#27;[33m[WARN]&amp#27;[m 12519 [main] org.sakaiproject.content.impl.BasicContentTypeImageService:232 init(): Resource loader failed to load content type extensions bundle
&amp#27;[32m[INFO]&amp#27;[m 12536 [main] org.sakaiproject.util.impl.FormattedTextImpl:157 FormattedText error handling: notify; log errors=false; return to tool=false; notify user=true; details to user=false
&amp#27;[32m[INFO]&amp#27;[m 12693 [main] org.owasp.validator.html.Policy:294 Attempting to load AntiSamy policy from an input stream.
&amp#27;[33m[WARN]&amp#27;[m 12767 [main] org.owasp.validator.html.Policy:56 The directive "noopenerAndNoreferrerAnchors" is not enabled by default. It is recommended to enable it to prevent reverse tabnabbing attacks.
&amp#27;[32m[INFO]&amp#27;[m 12793 [main] org.owasp.validator.html.Policy:294 Attempting to load AntiSamy policy from an input stream.
&amp#27;[33m[WARN]&amp#27;[m 12844 [main] org.owasp.validator.html.Policy:56 The directive "noopenerAndNoreferrerAnchors" is not enabled by default. It is recommended to enable it to prevent reverse tabnabbing attacks.
&amp#27;[32m[INFO]&amp#27;[m 12845 [main] org.sakaiproject.util.impl.FormattedTextImpl:198 AntiSamy INIT default security level (HIGH), policy files read: high=/tmp/sakai/antisamy/high-security-policy.xml, low=/tmp/sakai/antisamy/low-security-policy.xml
&amp#27;[32m[INFO]&amp#27;[m 12870 [main] org.sakaiproject.content.impl.DbResourceTypeRegistry:232 init()
&amp#27;[32m[INFO]&amp#27;[m 12871 [main] org.sakaiproject.content.impl.ResourceTypeRegistryImpl:80 init()
&amp#27;[32m[INFO]&amp#27;[m 12912 [main] org.sakaiproject.content.impl.DbContentService:289 Migration of data to the Binary format will be performed by this node 
&amp#27;[32m[INFO]&amp#27;[m 13252 [main] org.sakaiproject.content.impl.BaseContentService:586 Loaded Storage as org.sakaiproject.content.impl.DbContentService$DbStorage@7f951dd2 for org.sakaiproject.content.impl.DbContentService@138f597
&amp#27;[32m[INFO]&amp#27;[m 13256 [main] org.sakaiproject.content.impl.BaseContentService:646 site quota: 1048576, dropbox quota: 1048576, body path: null volumes: 
&amp#27;[32m[INFO]&amp#27;[m 13270 [main] org.sakaiproject.content.impl.DbContentService:316 init(): tables: CONTENT_COLLECTION CONTENT_RESOURCE CONTENT_RESOURCE_BODY_BINARY CONTENT_ENTITY_GROUPS locks-in-db: false bodyPath: null storage: org.sakaiproject.content.impl.DbContentService$DbStorage@7f951dd2
&amp#27;[32m[INFO]&amp#27;[m 13280 [main] org.sakaiproject.antivirus.impl.ClamAVScanner:91 init()
&amp#27;[32m[INFO]&amp#27;[m 13331 [main] org.sakaiproject.content.impl.DropboxContextObserver:200 init()
&amp#27;[32m[INFO]&amp#27;[m 13338 [main] org.sakaiproject.util.UserNotificationPreferencesRegistrationImpl:422 UserPreferencesRegistrationImpl.init()
&amp#27;[32m[INFO]&amp#27;[m 13363 [main] org.sakaiproject.conditions.impl.BaseConditionService:45 init()
&amp#27;[32m[INFO]&amp#27;[m 13369 [main] org.sakaiproject.user.impl.UserAuthnComponent:68 init()
&amp#27;[32m[INFO]&amp#27;[m 13373 [main] org.sakaiproject.user.impl.AuthenticationCache:68 INIT
&amp#27;[32m[INFO]&amp#27;[m 13374 [main] org.sakaiproject.memory.impl.EhcacheMemoryService:354 Created ehcache (org.sakaiproject.user.api.AuthenticationManager) using defaults
&amp#27;[32m[INFO]&amp#27;[m 13375 [main] org.sakaiproject.memory.impl.EhcacheMemoryService:367 Configuring ehcache (org.sakaiproject.user.api.AuthenticationManager) from Sakai config: maxElementsInMemory=250,timeToLiveSeconds=120,timeToIdleSeconds=120
&amp#27;[32m[INFO]&amp#27;[m 13379 [main] org.sakaiproject.user.impl.AuthnCacheWatcher:85 init()
&amp#27;[32m[INFO]&amp#27;[m 13389 [main] org.sakaiproject.memory.impl.EhcacheMemoryService:354 Created ehcache (org.sakaiproject.event.api.ActivityService.userActivityCache) using defaults
&amp#27;[32m[INFO]&amp#27;[m 13396 [main] org.sakaiproject.event.impl.EventQueryServiceImpl:291 org.sakaiproject.event.impl.EventQueryServiceImpl@6224872f.init()
&amp#27;[32m[INFO]&amp#27;[m 13402 [main] org.sakaiproject.event.impl.BaseLearningResourceStoreService:118 LRS did not search for existing LearningResourceStoreProviders in the system (ac=org.sakaiproject.util.SakaiApplicationContext@6ee660fb, started on Wed May 22 15:56:38 CEST 2024, enabled=false)
&amp#27;[32m[INFO]&amp#27;[m 13416 [main] org.sakaiproject.event.impl.BaseLearningResourceStoreService:139 LRS INIT: enabled=false
&amp#27;[32m[INFO]&amp#27;[m 13427 [main] org.sakaiproject.util.impl.EncryptionUtilityServiceImpl:37 Server secret key has been set, not exposing it for security reasons.
&amp#27;[32m[INFO]&amp#27;[m 14760 [main] org.sakaiproject.memory.impl.EhcacheMemoryService:354 Created ehcache (org.sakaiproject.db.BaseDbFlatStorage.SAKAI_USER_PROPERTY) using defaults
&amp#27;[32m[INFO]&amp#27;[m 14830 [main] org.sakaiproject.memory.impl.EhcacheMemoryService:354 Created ehcache (org.sakaiproject.db.BaseDbFlatStorage.SAKAI_SITE_PROPERTY) using defaults
&amp#27;[32m[INFO]&amp#27;[m 14836 [main] org.sakaiproject.memory.impl.EhcacheMemoryService:354 Created ehcache (org.sakaiproject.db.BaseDbFlatStorage.SAKAI_REALM_PROPERTY) using defaults
]]></system-out>
  </testcase>
</testsuite>